<?xml version="1.0" encoding="UTF-8"?>
<!-- Generated by org.testng.reporters.JUnitReportReporter -->
<testsuite skipped="5" hostname="DESKTOP-KQS99BN" name="selenium_tests.Runner" tests="258" failures="0" timestamp="07 Oct 2018 20:19:07 GMT" time="3802.359" errors="0">
  <testcase name="run_scenario" time="20.473" classname="selenium_tests.Runner"/>
  <testcase name="run_scenario" time="9.058" classname="selenium_tests.Runner"/>
  <testcase name="run_scenario" time="8.343" classname="selenium_tests.Runner"/>
  <testcase name="run_scenario" time="11.497" classname="selenium_tests.Runner"/>
  <testcase name="run_scenario" time="6.479" classname="selenium_tests.Runner"/>
  <testcase name="run_scenario" time="16.832" classname="selenium_tests.Runner"/>
  <testcase name="run_scenario" time="9.070" classname="selenium_tests.Runner"/>
  <testcase name="run_scenario" time="14.723" classname="selenium_tests.Runner">
    <skipped/>
  </testcase> <!-- run_scenario -->
  <testcase name="run_scenario" time="8.242" classname="selenium_tests.Runner"/>
  <testcase name="run_scenario" time="19.508" classname="selenium_tests.Runner"/>
  <testcase name="run_scenario" time="16.694" classname="selenium_tests.Runner"/>
  <testcase name="run_scenario" time="8.541" classname="selenium_tests.Runner"/>
  <testcase name="run_scenario" time="15.398" classname="selenium_tests.Runner"/>
  <testcase name="run_scenario" time="8.221" classname="selenium_tests.Runner"/>
  <testcase name="run_scenario" time="14.370" classname="selenium_tests.Runner"/>
  <testcase name="run_scenario" time="5.937" classname="selenium_tests.Runner"/>
  <testcase name="run_scenario" time="20.632" classname="selenium_tests.Runner"/>
  <testcase name="run_scenario" time="5.693" classname="selenium_tests.Runner"/>
  <testcase name="run_scenario" time="10.535" classname="selenium_tests.Runner"/>
  <testcase name="run_scenario" time="9.229" classname="selenium_tests.Runner"/>
  <testcase name="run_scenario" time="14.451" classname="selenium_tests.Runner"/>
  <testcase name="run_scenario" time="14.715" classname="selenium_tests.Runner"/>
  <testcase name="run_scenario" time="15.277" classname="selenium_tests.Runner"/>
  <testcase name="run_scenario" time="17.424" classname="selenium_tests.Runner"/>
  <testcase name="run_scenario" time="16.309" classname="selenium_tests.Runner"/>
  <testcase name="run_scenario" time="5.683" classname="selenium_tests.Runner"/>
  <testcase name="run_scenario" time="6.421" classname="selenium_tests.Runner"/>
  <testcase name="run_scenario" time="10.852" classname="selenium_tests.Runner"/>
  <testcase name="run_scenario" time="12.933" classname="selenium_tests.Runner">
    <skipped/>
  </testcase> <!-- run_scenario -->
  <testcase name="run_scenario" time="17.772" classname="selenium_tests.Runner"/>
  <testcase name="run_scenario" time="21.722" classname="selenium_tests.Runner"/>
  <testcase name="run_scenario" time="21.463" classname="selenium_tests.Runner"/>
  <testcase name="run_scenario" time="7.702" classname="selenium_tests.Runner"/>
  <testcase name="run_scenario" time="6.964" classname="selenium_tests.Runner"/>
  <testcase name="run_scenario" time="7.321" classname="selenium_tests.Runner"/>
  <testcase name="run_scenario" time="27.938" classname="selenium_tests.Runner"/>
  <testcase name="run_scenario" time="16.972" classname="selenium_tests.Runner"/>
  <testcase name="run_scenario" time="26.545" classname="selenium_tests.Runner"/>
  <testcase name="run_scenario" time="22.759" classname="selenium_tests.Runner"/>
  <testcase name="run_scenario" time="8.496" classname="selenium_tests.Runner"/>
  <testcase name="run_scenario" time="20.524" classname="selenium_tests.Runner"/>
  <testcase name="run_scenario" time="9.903" classname="selenium_tests.Runner"/>
  <testcase name="run_scenario" time="10.492" classname="selenium_tests.Runner"/>
  <testcase name="run_scenario" time="7.598" classname="selenium_tests.Runner"/>
  <testcase name="run_scenario" time="6.394" classname="selenium_tests.Runner"/>
  <testcase name="run_scenario" time="12.011" classname="selenium_tests.Runner"/>
  <testcase name="run_scenario" time="6.736" classname="selenium_tests.Runner"/>
  <testcase name="run_scenario" time="8.692" classname="selenium_tests.Runner"/>
  <testcase name="run_scenario" time="19.929" classname="selenium_tests.Runner"/>
  <testcase name="run_scenario" time="10.349" classname="selenium_tests.Runner"/>
  <testcase name="run_scenario" time="10.283" classname="selenium_tests.Runner"/>
  <testcase name="run_scenario" time="15.691" classname="selenium_tests.Runner"/>
  <testcase name="run_scenario" time="17.423" classname="selenium_tests.Runner"/>
  <testcase name="run_scenario" time="34.509" classname="selenium_tests.Runner"/>
  <testcase name="run_scenario" time="7.735" classname="selenium_tests.Runner"/>
  <testcase name="run_scenario" time="6.841" classname="selenium_tests.Runner"/>
  <testcase name="run_scenario" time="10.132" classname="selenium_tests.Runner"/>
  <testcase name="run_scenario" time="15.548" classname="selenium_tests.Runner"/>
  <testcase name="run_scenario" time="21.720" classname="selenium_tests.Runner"/>
  <testcase name="run_scenario" time="9.981" classname="selenium_tests.Runner"/>
  <testcase name="run_scenario" time="19.790" classname="selenium_tests.Runner"/>
  <testcase name="run_scenario" time="47.864" classname="selenium_tests.Runner"/>
  <testcase name="run_scenario" time="8.881" classname="selenium_tests.Runner"/>
  <testcase name="run_scenario" time="22.007" classname="selenium_tests.Runner"/>
  <testcase name="run_scenario" time="19.883" classname="selenium_tests.Runner"/>
  <testcase name="run_scenario" time="7.632" classname="selenium_tests.Runner"/>
  <testcase name="run_scenario" time="11.174" classname="selenium_tests.Runner"/>
  <testcase name="run_scenario" time="22.957" classname="selenium_tests.Runner"/>
  <testcase name="run_scenario" time="10.028" classname="selenium_tests.Runner"/>
  <testcase name="run_scenario" time="16.631" classname="selenium_tests.Runner"/>
  <testcase name="run_scenario" time="20.965" classname="selenium_tests.Runner"/>
  <testcase name="run_scenario" time="27.039" classname="selenium_tests.Runner"/>
  <testcase name="run_scenario" time="3.139" classname="selenium_tests.Runner"/>
  <testcase name="run_scenario" time="15.217" classname="selenium_tests.Runner"/>
  <testcase name="run_scenario" time="16.778" classname="selenium_tests.Runner"/>
  <testcase name="run_scenario" time="13.703" classname="selenium_tests.Runner"/>
  <testcase name="run_scenario" time="11.255" classname="selenium_tests.Runner"/>
  <testcase name="run_scenario" time="12.618" classname="selenium_tests.Runner"/>
  <testcase name="run_scenario" time="7.121" classname="selenium_tests.Runner"/>
  <testcase name="run_scenario" time="13.999" classname="selenium_tests.Runner"/>
  <testcase name="run_scenario" time="7.014" classname="selenium_tests.Runner"/>
  <testcase name="run_scenario" time="17.351" classname="selenium_tests.Runner"/>
  <testcase name="run_scenario" time="23.400" classname="selenium_tests.Runner"/>
  <testcase name="run_scenario" time="10.874" classname="selenium_tests.Runner"/>
  <testcase name="run_scenario" time="11.728" classname="selenium_tests.Runner"/>
  <testcase name="run_scenario" time="24.328" classname="selenium_tests.Runner"/>
  <testcase name="run_scenario" time="18.040" classname="selenium_tests.Runner"/>
  <testcase name="run_scenario" time="11.264" classname="selenium_tests.Runner"/>
  <testcase name="run_scenario" time="9.832" classname="selenium_tests.Runner"/>
  <testcase name="run_scenario" time="8.405" classname="selenium_tests.Runner"/>
  <testcase name="run_scenario" time="10.621" classname="selenium_tests.Runner"/>
  <testcase name="run_scenario" time="15.171" classname="selenium_tests.Runner"/>
  <testcase name="run_scenario" time="7.460" classname="selenium_tests.Runner"/>
  <testcase name="run_scenario" time="14.738" classname="selenium_tests.Runner"/>
  <testcase name="run_scenario" time="11.418" classname="selenium_tests.Runner"/>
  <testcase name="run_scenario" time="69.996" classname="selenium_tests.Runner"/>
  <testcase name="run_scenario" time="2.681" classname="selenium_tests.Runner"/>
  <testcase name="run_scenario" time="19.350" classname="selenium_tests.Runner"/>
  <testcase name="run_scenario" time="22.380" classname="selenium_tests.Runner"/>
  <testcase name="run_scenario" time="11.097" classname="selenium_tests.Runner"/>
  <testcase name="run_scenario" time="16.543" classname="selenium_tests.Runner"/>
  <testcase name="run_scenario" time="4.841" classname="selenium_tests.Runner"/>
  <testcase name="run_scenario" time="9.958" classname="selenium_tests.Runner"/>
  <testcase name="run_scenario" time="7.968" classname="selenium_tests.Runner"/>
  <testcase name="run_scenario" time="10.855" classname="selenium_tests.Runner"/>
  <testcase name="run_scenario" time="19.227" classname="selenium_tests.Runner"/>
  <testcase name="run_scenario" time="13.694" classname="selenium_tests.Runner"/>
  <testcase name="run_scenario" time="13.148" classname="selenium_tests.Runner"/>
  <testcase name="run_scenario" time="8.609" classname="selenium_tests.Runner"/>
  <testcase name="run_scenario" time="21.145" classname="selenium_tests.Runner"/>
  <testcase name="run_scenario" time="8.059" classname="selenium_tests.Runner"/>
  <testcase name="run_scenario" time="10.934" classname="selenium_tests.Runner"/>
  <testcase name="run_scenario" time="19.561" classname="selenium_tests.Runner">
    <skipped/>
  </testcase> <!-- run_scenario -->
  <testcase name="run_scenario" time="5.308" classname="selenium_tests.Runner"/>
  <testcase name="run_scenario" time="20.802" classname="selenium_tests.Runner"/>
  <testcase name="run_scenario" time="25.260" classname="selenium_tests.Runner"/>
  <testcase name="run_scenario" time="16.209" classname="selenium_tests.Runner"/>
  <testcase name="run_scenario" time="15.653" classname="selenium_tests.Runner"/>
  <testcase name="run_scenario" time="21.511" classname="selenium_tests.Runner"/>
  <testcase name="run_scenario" time="26.262" classname="selenium_tests.Runner"/>
  <testcase name="run_scenario" time="13.190" classname="selenium_tests.Runner"/>
  <testcase name="run_scenario" time="5.992" classname="selenium_tests.Runner"/>
  <testcase name="run_scenario" time="15.487" classname="selenium_tests.Runner"/>
  <testcase name="run_scenario" time="11.988" classname="selenium_tests.Runner"/>
  <testcase name="run_scenario" time="5.758" classname="selenium_tests.Runner"/>
  <testcase name="run_scenario" time="8.943" classname="selenium_tests.Runner"/>
  <testcase name="run_scenario" time="7.515" classname="selenium_tests.Runner"/>
  <testcase name="run_scenario" time="10.128" classname="selenium_tests.Runner"/>
  <testcase name="run_scenario" time="18.319" classname="selenium_tests.Runner"/>
  <testcase name="run_scenario" time="10.483" classname="selenium_tests.Runner"/>
  <testcase name="run_scenario" time="13.733" classname="selenium_tests.Runner"/>
  <testcase name="run_scenario" time="16.913" classname="selenium_tests.Runner"/>
  <testcase name="run_scenario" time="34.911" classname="selenium_tests.Runner"/>
  <testcase name="run_scenario" time="11.906" classname="selenium_tests.Runner"/>
  <testcase name="run_scenario" time="3.432" classname="selenium_tests.Runner"/>
  <testcase name="run_scenario" time="16.191" classname="selenium_tests.Runner"/>
  <testcase name="run_scenario" time="16.783" classname="selenium_tests.Runner"/>
  <testcase name="run_scenario" time="44.318" classname="selenium_tests.Runner"/>
  <testcase name="run_scenario" time="11.288" classname="selenium_tests.Runner"/>
  <testcase name="run_scenario" time="14.244" classname="selenium_tests.Runner"/>
  <testcase name="run_scenario" time="10.268" classname="selenium_tests.Runner"/>
  <testcase name="run_scenario" time="10.741" classname="selenium_tests.Runner"/>
  <testcase name="run_scenario" time="69.896" classname="selenium_tests.Runner"/>
  <testcase name="run_scenario" time="12.812" classname="selenium_tests.Runner">
    <skipped/>
  </testcase> <!-- run_scenario -->
  <testcase name="run_scenario" time="16.721" classname="selenium_tests.Runner"/>
  <testcase name="run_scenario" time="22.747" classname="selenium_tests.Runner"/>
  <testcase name="run_scenario" time="9.267" classname="selenium_tests.Runner"/>
  <testcase name="run_scenario" time="9.599" classname="selenium_tests.Runner"/>
  <testcase name="run_scenario" time="25.731" classname="selenium_tests.Runner"/>
  <testcase name="run_scenario" time="11.265" classname="selenium_tests.Runner"/>
  <testcase name="run_scenario" time="20.706" classname="selenium_tests.Runner"/>
  <testcase name="run_scenario" time="11.069" classname="selenium_tests.Runner"/>
  <testcase name="run_scenario" time="11.248" classname="selenium_tests.Runner"/>
  <testcase name="run_scenario" time="9.719" classname="selenium_tests.Runner"/>
  <testcase name="run_scenario" time="9.591" classname="selenium_tests.Runner"/>
  <testcase name="run_scenario" time="17.947" classname="selenium_tests.Runner"/>
  <testcase name="run_scenario" time="7.320" classname="selenium_tests.Runner"/>
  <testcase name="run_scenario" time="21.937" classname="selenium_tests.Runner"/>
  <testcase name="run_scenario" time="6.497" classname="selenium_tests.Runner"/>
  <testcase name="run_scenario" time="12.236" classname="selenium_tests.Runner"/>
  <testcase name="run_scenario" time="6.251" classname="selenium_tests.Runner"/>
  <testcase name="run_scenario" time="7.436" classname="selenium_tests.Runner"/>
  <testcase name="run_scenario" time="5.335" classname="selenium_tests.Runner"/>
  <testcase name="run_scenario" time="12.675" classname="selenium_tests.Runner"/>
  <testcase name="run_scenario" time="11.346" classname="selenium_tests.Runner"/>
  <testcase name="run_scenario" time="8.742" classname="selenium_tests.Runner"/>
  <testcase name="run_scenario" time="14.241" classname="selenium_tests.Runner"/>
  <testcase name="run_scenario" time="10.166" classname="selenium_tests.Runner"/>
  <testcase name="run_scenario" time="7.037" classname="selenium_tests.Runner"/>
  <testcase name="run_scenario" time="16.379" classname="selenium_tests.Runner"/>
  <testcase name="run_scenario" time="10.185" classname="selenium_tests.Runner"/>
  <testcase name="run_scenario" time="8.357" classname="selenium_tests.Runner"/>
  <testcase name="run_scenario" time="22.701" classname="selenium_tests.Runner"/>
  <testcase name="run_scenario" time="5.864" classname="selenium_tests.Runner"/>
  <testcase name="run_scenario" time="12.081" classname="selenium_tests.Runner"/>
  <testcase name="run_scenario" time="6.838" classname="selenium_tests.Runner"/>
  <testcase name="run_scenario" time="8.129" classname="selenium_tests.Runner"/>
  <testcase name="run_scenario" time="30.240" classname="selenium_tests.Runner"/>
  <testcase name="run_scenario" time="24.864" classname="selenium_tests.Runner"/>
  <testcase name="run_scenario" time="5.644" classname="selenium_tests.Runner"/>
  <testcase name="run_scenario" time="17.063" classname="selenium_tests.Runner"/>
  <testcase name="run_scenario" time="65.267" classname="selenium_tests.Runner"/>
  <testcase name="run_scenario" time="8.240" classname="selenium_tests.Runner"/>
  <testcase name="run_scenario" time="55.020" classname="selenium_tests.Runner"/>
  <testcase name="run_scenario" time="11.651" classname="selenium_tests.Runner"/>
  <testcase name="run_scenario" time="23.903" classname="selenium_tests.Runner"/>
  <testcase name="run_scenario" time="10.733" classname="selenium_tests.Runner"/>
  <testcase name="run_scenario" time="18.224" classname="selenium_tests.Runner"/>
  <testcase name="run_scenario" time="15.172" classname="selenium_tests.Runner"/>
  <testcase name="run_scenario" time="23.954" classname="selenium_tests.Runner"/>
  <testcase name="run_scenario" time="17.246" classname="selenium_tests.Runner"/>
  <testcase name="run_scenario" time="6.437" classname="selenium_tests.Runner"/>
  <testcase name="run_scenario" time="14.836" classname="selenium_tests.Runner"/>
  <testcase name="run_scenario" time="7.297" classname="selenium_tests.Runner"/>
  <testcase name="run_scenario" time="8.815" classname="selenium_tests.Runner"/>
  <testcase name="run_scenario" time="15.648" classname="selenium_tests.Runner"/>
  <testcase name="run_scenario" time="11.772" classname="selenium_tests.Runner">
    <skipped/>
  </testcase> <!-- run_scenario -->
  <testcase name="run_scenario" time="20.298" classname="selenium_tests.Runner"/>
  <testcase name="run_scenario" time="13.608" classname="selenium_tests.Runner"/>
  <testcase name="run_scenario" time="8.190" classname="selenium_tests.Runner"/>
  <testcase name="run_scenario" time="15.927" classname="selenium_tests.Runner"/>
  <testcase name="run_scenario" time="26.873" classname="selenium_tests.Runner"/>
  <testcase name="run_scenario" time="7.843" classname="selenium_tests.Runner"/>
  <testcase name="run_scenario" time="11.442" classname="selenium_tests.Runner"/>
  <testcase name="run_scenario" time="16.616" classname="selenium_tests.Runner"/>
  <testcase name="run_scenario" time="16.309" classname="selenium_tests.Runner"/>
  <testcase name="run_scenario" time="21.526" classname="selenium_tests.Runner"/>
  <testcase name="run_scenario" time="6.580" classname="selenium_tests.Runner"/>
  <testcase name="run_scenario" time="10.402" classname="selenium_tests.Runner"/>
  <testcase name="run_scenario" time="18.512" classname="selenium_tests.Runner"/>
  <testcase name="run_scenario" time="11.585" classname="selenium_tests.Runner"/>
  <testcase name="run_scenario" time="7.145" classname="selenium_tests.Runner"/>
  <testcase name="run_scenario" time="6.554" classname="selenium_tests.Runner"/>
  <testcase name="run_scenario" time="12.580" classname="selenium_tests.Runner"/>
  <testcase name="run_scenario" time="7.957" classname="selenium_tests.Runner"/>
  <testcase name="run_scenario" time="11.626" classname="selenium_tests.Runner"/>
  <testcase name="run_scenario" time="12.655" classname="selenium_tests.Runner"/>
  <testcase name="run_scenario" time="12.998" classname="selenium_tests.Runner"/>
  <testcase name="run_scenario" time="17.557" classname="selenium_tests.Runner"/>
  <testcase name="run_scenario" time="6.192" classname="selenium_tests.Runner"/>
  <testcase name="run_scenario" time="12.084" classname="selenium_tests.Runner"/>
  <testcase name="run_scenario" time="5.948" classname="selenium_tests.Runner"/>
  <testcase name="run_scenario" time="9.411" classname="selenium_tests.Runner"/>
  <testcase name="run_scenario" time="18.734" classname="selenium_tests.Runner"/>
  <testcase name="run_scenario" time="5.987" classname="selenium_tests.Runner"/>
  <testcase name="run_scenario" time="10.373" classname="selenium_tests.Runner"/>
  <testcase name="run_scenario" time="14.595" classname="selenium_tests.Runner"/>
  <testcase name="run_scenario" time="11.156" classname="selenium_tests.Runner"/>
  <testcase name="run_scenario" time="60.669" classname="selenium_tests.Runner"/>
  <testcase name="run_scenario" time="7.235" classname="selenium_tests.Runner"/>
  <testcase name="run_scenario" time="24.765" classname="selenium_tests.Runner"/>
  <testcase name="run_scenario" time="11.551" classname="selenium_tests.Runner"/>
  <testcase name="run_scenario" time="11.499" classname="selenium_tests.Runner"/>
  <testcase name="run_scenario" time="25.513" classname="selenium_tests.Runner"/>
  <testcase name="run_scenario" time="11.613" classname="selenium_tests.Runner"/>
  <testcase name="run_scenario" time="9.025" classname="selenium_tests.Runner"/>
  <testcase name="run_scenario" time="11.095" classname="selenium_tests.Runner"/>
  <testcase name="run_scenario" time="31.329" classname="selenium_tests.Runner"/>
  <testcase name="run_scenario" time="9.155" classname="selenium_tests.Runner"/>
  <testcase name="run_scenario" time="17.461" classname="selenium_tests.Runner"/>
  <testcase name="run_scenario" time="10.839" classname="selenium_tests.Runner"/>
  <testcase name="run_scenario" time="17.167" classname="selenium_tests.Runner"/>
  <testcase name="run_scenario" time="8.034" classname="selenium_tests.Runner"/>
  <testcase name="run_scenario" time="16.149" classname="selenium_tests.Runner"/>
  <testcase name="run_scenario" time="28.131" classname="selenium_tests.Runner"/>
  <testcase name="run_scenario" time="16.895" classname="selenium_tests.Runner"/>
  <testcase name="run_scenario" time="10.359" classname="selenium_tests.Runner"/>
  <testcase name="run_scenario" time="11.386" classname="selenium_tests.Runner"/>
  <testcase name="run_scenario" time="18.678" classname="selenium_tests.Runner"/>
  <testcase name="run_scenario" time="24.590" classname="selenium_tests.Runner"/>
  <testcase name="run_scenario" time="16.191" classname="selenium_tests.Runner"/>
  <testcase name="run_scenario" time="10.931" classname="selenium_tests.Runner"/>
  <testcase name="run_scenario" time="7.085" classname="selenium_tests.Runner"/>
  <testcase name="run_scenario" time="7.623" classname="selenium_tests.Runner"/>
  <testcase name="run_scenario" time="15.841" classname="selenium_tests.Runner"/>
  <testcase name="run_scenario" time="7.382" classname="selenium_tests.Runner"/>
  <testcase name="run_scenario" time="6.839" classname="selenium_tests.Runner"/>
  <testcase name="run_scenario" time="10.377" classname="selenium_tests.Runner"/>
</testsuite> <!-- selenium_tests.Runner -->
