<?xml version="1.0" encoding="UTF-8"?>
<!-- Generated by org.testng.reporters.JUnitReportReporter -->
<testsuite skipped="6" hostname="DESKTOP-KQS99BN" name="selenium_tests.Runner" tests="255" failures="0" timestamp="07 Oct 2018 00:50:40 GMT" time="4969.826" errors="6">
  <testcase name="run_scenario" time="50.563" classname="selenium_tests.Runner">
    <skipped/>
  </testcase> <!-- run_scenario -->
  <testcase name="run_scenario" time="13.748" classname="selenium_tests.Runner"/>
  <testcase name="run_scenario" time="26.159" classname="selenium_tests.Runner"/>
  <testcase name="run_scenario" time="12.235" classname="selenium_tests.Runner"/>
  <testcase name="run_scenario" time="13.183" classname="selenium_tests.Runner"/>
  <testcase name="run_scenario" time="19.896" classname="selenium_tests.Runner"/>
  <testcase name="run_scenario" time="9.319" classname="selenium_tests.Runner"/>
  <testcase name="run_scenario" time="19.733" classname="selenium_tests.Runner"/>
  <testcase name="run_scenario" time="24.403" classname="selenium_tests.Runner"/>
  <testcase name="run_scenario" time="4.283" classname="selenium_tests.Runner"/>
  <testcase name="run_scenario" time="11.882" classname="selenium_tests.Runner"/>
  <testcase name="run_scenario" time="8.955" classname="selenium_tests.Runner"/>
  <testcase name="run_scenario" time="136.575" classname="selenium_tests.Runner">
    <error type="java.lang.NumberFormatException" message="For input string: &quot;&quot;">
      <![CDATA[java.lang.NumberFormatException: For input string: ""
	at java.lang.NumberFormatException.forInputString(NumberFormatException.java:65)
	at java.lang.Integer.parseInt(Integer.java:592)
	at java.lang.Integer.valueOf(Integer.java:766)
	at selenium_tests.feature_steps.Steps_basket_feature.basket_with_products_and_quantity_is_shown(Steps_basket_feature.java:163)
	at ✽.basket with 1 products and 2 quantity is shown(src/test/resources/Features/TestSuite_basket.feature:69)
]]>
    </error>
  </testcase> <!-- run_scenario -->
  <testcase name="run_scenario" time="29.929" classname="selenium_tests.Runner"/>
  <testcase name="run_scenario" time="9.445" classname="selenium_tests.Runner"/>
  <testcase name="run_scenario" time="7.451" classname="selenium_tests.Runner"/>
  <testcase name="run_scenario" time="20.506" classname="selenium_tests.Runner"/>
  <testcase name="run_scenario" time="20.012" classname="selenium_tests.Runner"/>
  <testcase name="run_scenario" time="26.792" classname="selenium_tests.Runner"/>
  <testcase name="run_scenario" time="36.987" classname="selenium_tests.Runner"/>
  <testcase name="run_scenario" time="10.744" classname="selenium_tests.Runner"/>
  <testcase name="run_scenario" time="17.085" classname="selenium_tests.Runner"/>
  <testcase name="run_scenario" time="24.587" classname="selenium_tests.Runner"/>
  <testcase name="run_scenario" time="7.915" classname="selenium_tests.Runner"/>
  <testcase name="run_scenario" time="21.355" classname="selenium_tests.Runner"/>
  <testcase name="run_scenario" time="8.015" classname="selenium_tests.Runner"/>
  <testcase name="run_scenario" time="30.238" classname="selenium_tests.Runner"/>
  <testcase name="run_scenario" time="7.071" classname="selenium_tests.Runner"/>
  <testcase name="run_scenario" time="18.351" classname="selenium_tests.Runner"/>
  <testcase name="run_scenario" time="11.073" classname="selenium_tests.Runner"/>
  <testcase name="run_scenario" time="5.865" classname="selenium_tests.Runner"/>
  <testcase name="run_scenario" time="44.091" classname="selenium_tests.Runner"/>
  <testcase name="run_scenario" time="8.686" classname="selenium_tests.Runner"/>
  <testcase name="run_scenario" time="13.839" classname="selenium_tests.Runner"/>
  <testcase name="run_scenario" time="52.264" classname="selenium_tests.Runner"/>
  <testcase name="run_scenario" time="13.971" classname="selenium_tests.Runner"/>
  <testcase name="run_scenario" time="20.394" classname="selenium_tests.Runner"/>
  <testcase name="run_scenario" time="8.861" classname="selenium_tests.Runner"/>
  <testcase name="run_scenario" time="149.161" classname="selenium_tests.Runner">
    <error type="java.lang.NumberFormatException" message="For input string: &quot;&quot;">
      <![CDATA[java.lang.NumberFormatException: For input string: ""
	at java.lang.NumberFormatException.forInputString(NumberFormatException.java:65)
	at java.lang.Integer.parseInt(Integer.java:592)
	at java.lang.Integer.valueOf(Integer.java:766)
	at selenium_tests.feature_steps.Steps_basket_feature.basket_with_products_and_quantity_is_shown(Steps_basket_feature.java:163)
	at ✽.basket with 1 products and 2 quantity is shown(src/test/resources/Features/TestSuite_basket.feature:69)
]]>
    </error>
  </testcase> <!-- run_scenario -->
  <testcase name="run_scenario" time="25.393" classname="selenium_tests.Runner"/>
  <testcase name="run_scenario" time="40.704" classname="selenium_tests.Runner"/>
  <testcase name="run_scenario" time="17.348" classname="selenium_tests.Runner"/>
  <testcase name="run_scenario" time="28.124" classname="selenium_tests.Runner"/>
  <testcase name="run_scenario" time="9.096" classname="selenium_tests.Runner"/>
  <testcase name="run_scenario" time="8.472" classname="selenium_tests.Runner"/>
  <testcase name="run_scenario" time="21.425" classname="selenium_tests.Runner"/>
  <testcase name="run_scenario" time="7.681" classname="selenium_tests.Runner"/>
  <testcase name="run_scenario" time="36.290" classname="selenium_tests.Runner"/>
  <testcase name="run_scenario" time="7.797" classname="selenium_tests.Runner"/>
  <testcase name="run_scenario" time="11.340" classname="selenium_tests.Runner"/>
  <testcase name="run_scenario" time="10.090" classname="selenium_tests.Runner"/>
  <testcase name="run_scenario" time="27.565" classname="selenium_tests.Runner"/>
  <testcase name="run_scenario" time="12.507" classname="selenium_tests.Runner"/>
  <testcase name="run_scenario" time="22.093" classname="selenium_tests.Runner"/>
  <testcase name="run_scenario" time="6.585" classname="selenium_tests.Runner"/>
  <testcase name="run_scenario" time="20.533" classname="selenium_tests.Runner"/>
  <testcase name="run_scenario" time="9.434" classname="selenium_tests.Runner"/>
  <testcase name="run_scenario" time="21.318" classname="selenium_tests.Runner"/>
  <testcase name="run_scenario" time="13.466" classname="selenium_tests.Runner"/>
  <testcase name="run_scenario" time="9.285" classname="selenium_tests.Runner"/>
  <testcase name="run_scenario" time="12.105" classname="selenium_tests.Runner"/>
  <testcase name="run_scenario" time="28.942" classname="selenium_tests.Runner"/>
  <testcase name="run_scenario" time="17.538" classname="selenium_tests.Runner"/>
  <testcase name="run_scenario" time="11.818" classname="selenium_tests.Runner"/>
  <testcase name="run_scenario" time="32.811" classname="selenium_tests.Runner"/>
  <testcase name="run_scenario" time="25.263" classname="selenium_tests.Runner"/>
  <testcase name="run_scenario" time="73.547" classname="selenium_tests.Runner">
    <error type="java.lang.NumberFormatException" message="For input string: &quot;&quot;">
      <![CDATA[java.lang.NumberFormatException: For input string: ""
	at java.lang.NumberFormatException.forInputString(NumberFormatException.java:65)
	at java.lang.Integer.parseInt(Integer.java:592)
	at java.lang.Integer.valueOf(Integer.java:766)
	at selenium_tests.feature_steps.Steps_basket_feature.basket_with_products_and_quantity_is_shown(Steps_basket_feature.java:163)
	at ✽.basket with 1 products and 2 quantity is shown(src/test/resources/Features/TestSuite_basket.feature:69)
]]>
    </error>
  </testcase> <!-- run_scenario -->
  <testcase name="run_scenario" time="6.853" classname="selenium_tests.Runner"/>
  <testcase name="run_scenario" time="21.430" classname="selenium_tests.Runner"/>
  <testcase name="run_scenario" time="25.336" classname="selenium_tests.Runner"/>
  <testcase name="run_scenario" time="12.322" classname="selenium_tests.Runner"/>
  <testcase name="run_scenario" time="18.749" classname="selenium_tests.Runner"/>
  <testcase name="run_scenario" time="20.028" classname="selenium_tests.Runner"/>
  <testcase name="run_scenario" time="10.082" classname="selenium_tests.Runner"/>
  <testcase name="run_scenario" time="6.619" classname="selenium_tests.Runner"/>
  <testcase name="run_scenario" time="8.082" classname="selenium_tests.Runner"/>
  <testcase name="run_scenario" time="10.505" classname="selenium_tests.Runner"/>
  <testcase name="run_scenario" time="28.966" classname="selenium_tests.Runner"/>
  <testcase name="run_scenario" time="11.852" classname="selenium_tests.Runner"/>
  <testcase name="run_scenario" time="32.425" classname="selenium_tests.Runner"/>
  <testcase name="run_scenario" time="24.342" classname="selenium_tests.Runner"/>
  <testcase name="run_scenario" time="9.711" classname="selenium_tests.Runner"/>
  <testcase name="run_scenario" time="24.701" classname="selenium_tests.Runner"/>
  <testcase name="run_scenario" time="7.947" classname="selenium_tests.Runner"/>
  <testcase name="run_scenario" time="63.710" classname="selenium_tests.Runner">
    <error type="java.lang.NumberFormatException" message="For input string: &quot;&quot;">
      <![CDATA[java.lang.NumberFormatException: For input string: ""
	at java.lang.NumberFormatException.forInputString(NumberFormatException.java:65)
	at java.lang.Integer.parseInt(Integer.java:592)
	at java.lang.Integer.valueOf(Integer.java:766)
	at selenium_tests.feature_steps.Steps_basket_feature.basket_with_products_and_quantity_is_shown(Steps_basket_feature.java:163)
	at ✽.basket with 1 products and 2 quantity is shown(src/test/resources/Features/TestSuite_basket.feature:69)
]]>
    </error>
  </testcase> <!-- run_scenario -->
  <testcase name="run_scenario" time="18.704" classname="selenium_tests.Runner"/>
  <testcase name="run_scenario" time="29.141" classname="selenium_tests.Runner"/>
  <testcase name="run_scenario" time="19.215" classname="selenium_tests.Runner"/>
  <testcase name="run_scenario" time="28.009" classname="selenium_tests.Runner"/>
  <testcase name="run_scenario" time="26.632" classname="selenium_tests.Runner"/>
  <testcase name="run_scenario" time="14.719" classname="selenium_tests.Runner"/>
  <testcase name="run_scenario" time="11.401" classname="selenium_tests.Runner"/>
  <testcase name="run_scenario" time="13.543" classname="selenium_tests.Runner"/>
  <testcase name="run_scenario" time="6.035" classname="selenium_tests.Runner"/>
  <testcase name="run_scenario" time="21.885" classname="selenium_tests.Runner"/>
  <testcase name="run_scenario" time="11.950" classname="selenium_tests.Runner"/>
  <testcase name="run_scenario" time="29.804" classname="selenium_tests.Runner"/>
  <testcase name="run_scenario" time="23.436" classname="selenium_tests.Runner"/>
  <testcase name="run_scenario" time="23.154" classname="selenium_tests.Runner"/>
  <testcase name="run_scenario" time="17.353" classname="selenium_tests.Runner"/>
  <testcase name="run_scenario" time="23.150" classname="selenium_tests.Runner"/>
  <testcase name="run_scenario" time="11.055" classname="selenium_tests.Runner"/>
  <testcase name="run_scenario" time="23.460" classname="selenium_tests.Runner"/>
  <testcase name="run_scenario" time="28.662" classname="selenium_tests.Runner"/>
  <testcase name="run_scenario" time="9.836" classname="selenium_tests.Runner"/>
  <testcase name="run_scenario" time="22.471" classname="selenium_tests.Runner"/>
  <testcase name="run_scenario" time="13.474" classname="selenium_tests.Runner"/>
  <testcase name="run_scenario" time="24.449" classname="selenium_tests.Runner"/>
  <testcase name="run_scenario" time="10.960" classname="selenium_tests.Runner"/>
  <testcase name="run_scenario" time="8.155" classname="selenium_tests.Runner"/>
  <testcase name="run_scenario" time="12.098" classname="selenium_tests.Runner"/>
  <testcase name="run_scenario" time="7.752" classname="selenium_tests.Runner"/>
  <testcase name="run_scenario" time="25.916" classname="selenium_tests.Runner"/>
  <testcase name="run_scenario" time="9.166" classname="selenium_tests.Runner"/>
  <testcase name="run_scenario" time="12.672" classname="selenium_tests.Runner"/>
  <testcase name="run_scenario" time="17.018" classname="selenium_tests.Runner"/>
  <testcase name="run_scenario" time="12.265" classname="selenium_tests.Runner"/>
  <testcase name="run_scenario" time="17.824" classname="selenium_tests.Runner"/>
  <testcase name="run_scenario" time="7.049" classname="selenium_tests.Runner"/>
  <testcase name="run_scenario" time="9.147" classname="selenium_tests.Runner"/>
  <testcase name="run_scenario" time="25.381" classname="selenium_tests.Runner"/>
  <testcase name="run_scenario" time="11.771" classname="selenium_tests.Runner"/>
  <testcase name="run_scenario" time="9.717" classname="selenium_tests.Runner"/>
  <testcase name="run_scenario" time="13.350" classname="selenium_tests.Runner"/>
  <testcase name="run_scenario" time="33.647" classname="selenium_tests.Runner"/>
  <testcase name="run_scenario" time="18.193" classname="selenium_tests.Runner"/>
  <testcase name="run_scenario" time="19.630" classname="selenium_tests.Runner"/>
  <testcase name="run_scenario" time="9.928" classname="selenium_tests.Runner"/>
  <testcase name="run_scenario" time="8.762" classname="selenium_tests.Runner"/>
  <testcase name="run_scenario" time="4.831" classname="selenium_tests.Runner"/>
  <testcase name="run_scenario" time="9.879" classname="selenium_tests.Runner"/>
  <testcase name="run_scenario" time="19.397" classname="selenium_tests.Runner"/>
  <testcase name="run_scenario" time="18.911" classname="selenium_tests.Runner"/>
  <testcase name="run_scenario" time="12.145" classname="selenium_tests.Runner"/>
  <testcase name="run_scenario" time="12.523" classname="selenium_tests.Runner"/>
  <testcase name="run_scenario" time="7.121" classname="selenium_tests.Runner"/>
  <testcase name="run_scenario" time="21.870" classname="selenium_tests.Runner"/>
  <testcase name="run_scenario" time="22.395" classname="selenium_tests.Runner"/>
  <testcase name="run_scenario" time="6.842" classname="selenium_tests.Runner"/>
  <testcase name="run_scenario" time="11.177" classname="selenium_tests.Runner"/>
  <testcase name="run_scenario" time="23.197" classname="selenium_tests.Runner"/>
  <testcase name="run_scenario" time="19.924" classname="selenium_tests.Runner"/>
  <testcase name="run_scenario" time="8.391" classname="selenium_tests.Runner"/>
  <testcase name="run_scenario" time="10.437" classname="selenium_tests.Runner"/>
  <testcase name="run_scenario" time="9.199" classname="selenium_tests.Runner"/>
  <testcase name="run_scenario" time="13.030" classname="selenium_tests.Runner"/>
  <testcase name="run_scenario" time="10.655" classname="selenium_tests.Runner"/>
  <testcase name="run_scenario" time="20.653" classname="selenium_tests.Runner"/>
  <testcase name="run_scenario" time="11.355" classname="selenium_tests.Runner"/>
  <testcase name="run_scenario" time="24.314" classname="selenium_tests.Runner"/>
  <testcase name="run_scenario" time="24.254" classname="selenium_tests.Runner"/>
  <testcase name="run_scenario" time="28.671" classname="selenium_tests.Runner"/>
  <testcase name="run_scenario" time="22.511" classname="selenium_tests.Runner"/>
  <testcase name="run_scenario" time="21.798" classname="selenium_tests.Runner"/>
  <testcase name="run_scenario" time="13.071" classname="selenium_tests.Runner"/>
  <testcase name="run_scenario" time="12.268" classname="selenium_tests.Runner"/>
  <testcase name="run_scenario" time="14.770" classname="selenium_tests.Runner"/>
  <testcase name="run_scenario" time="6.787" classname="selenium_tests.Runner"/>
  <testcase name="run_scenario" time="36.553" classname="selenium_tests.Runner"/>
  <testcase name="run_scenario" time="20.719" classname="selenium_tests.Runner"/>
  <testcase name="run_scenario" time="16.461" classname="selenium_tests.Runner"/>
  <testcase name="run_scenario" time="63.266" classname="selenium_tests.Runner"/>
  <testcase name="run_scenario" time="7.576" classname="selenium_tests.Runner"/>
  <testcase name="run_scenario" time="9.433" classname="selenium_tests.Runner"/>
  <testcase name="run_scenario" time="7.661" classname="selenium_tests.Runner"/>
  <testcase name="run_scenario" time="21.966" classname="selenium_tests.Runner"/>
  <testcase name="run_scenario" time="34.408" classname="selenium_tests.Runner">
    <skipped/>
  </testcase> <!-- run_scenario -->
  <testcase name="run_scenario" time="23.067" classname="selenium_tests.Runner"/>
  <testcase name="run_scenario" time="9.876" classname="selenium_tests.Runner"/>
  <testcase name="run_scenario" time="7.999" classname="selenium_tests.Runner"/>
  <testcase name="run_scenario" time="8.199" classname="selenium_tests.Runner"/>
  <testcase name="run_scenario" time="31.149" classname="selenium_tests.Runner"/>
  <testcase name="run_scenario" time="11.237" classname="selenium_tests.Runner"/>
  <testcase name="run_scenario" time="20.849" classname="selenium_tests.Runner"/>
  <testcase name="run_scenario" time="18.970" classname="selenium_tests.Runner"/>
  <testcase name="run_scenario" time="9.601" classname="selenium_tests.Runner"/>
  <testcase name="run_scenario" time="15.614" classname="selenium_tests.Runner">
    <skipped/>
  </testcase> <!-- run_scenario -->
  <testcase name="run_scenario" time="30.952" classname="selenium_tests.Runner"/>
  <testcase name="run_scenario" time="35.325" classname="selenium_tests.Runner"/>
  <testcase name="run_scenario" time="32.358" classname="selenium_tests.Runner"/>
  <testcase name="run_scenario" time="30.560" classname="selenium_tests.Runner"/>
  <testcase name="run_scenario" time="17.329" classname="selenium_tests.Runner"/>
  <testcase name="run_scenario" time="13.489" classname="selenium_tests.Runner"/>
  <testcase name="run_scenario" time="24.526" classname="selenium_tests.Runner">
    <skipped/>
  </testcase> <!-- run_scenario -->
  <testcase name="run_scenario" time="20.167" classname="selenium_tests.Runner"/>
  <testcase name="run_scenario" time="17.113" classname="selenium_tests.Runner"/>
  <testcase name="run_scenario" time="6.466" classname="selenium_tests.Runner"/>
  <testcase name="run_scenario" time="24.916" classname="selenium_tests.Runner"/>
  <testcase name="run_scenario" time="17.668" classname="selenium_tests.Runner"/>
  <testcase name="run_scenario" time="10.193" classname="selenium_tests.Runner"/>
  <testcase name="run_scenario" time="23.003" classname="selenium_tests.Runner"/>
  <testcase name="run_scenario" time="7.119" classname="selenium_tests.Runner"/>
  <testcase name="run_scenario" time="35.542" classname="selenium_tests.Runner"/>
  <testcase name="run_scenario" time="3.108" classname="selenium_tests.Runner"/>
  <testcase name="run_scenario" time="15.334" classname="selenium_tests.Runner"/>
  <testcase name="run_scenario" time="20.436" classname="selenium_tests.Runner"/>
  <testcase name="run_scenario" time="8.483" classname="selenium_tests.Runner"/>
  <testcase name="run_scenario" time="6.834" classname="selenium_tests.Runner"/>
  <testcase name="run_scenario" time="26.894" classname="selenium_tests.Runner"/>
  <testcase name="run_scenario" time="13.798" classname="selenium_tests.Runner">
    <skipped/>
  </testcase> <!-- run_scenario -->
  <testcase name="run_scenario" time="24.957" classname="selenium_tests.Runner"/>
  <testcase name="run_scenario" time="18.756" classname="selenium_tests.Runner"/>
  <testcase name="run_scenario" time="13.701" classname="selenium_tests.Runner"/>
  <testcase name="run_scenario" time="11.188" classname="selenium_tests.Runner"/>
  <testcase name="run_scenario" time="12.856" classname="selenium_tests.Runner"/>
  <testcase name="run_scenario" time="12.292" classname="selenium_tests.Runner"/>
  <testcase name="run_scenario" time="33.692" classname="selenium_tests.Runner"/>
  <testcase name="run_scenario" time="12.286" classname="selenium_tests.Runner"/>
  <testcase name="run_scenario" time="10.240" classname="selenium_tests.Runner"/>
  <testcase name="run_scenario" time="8.384" classname="selenium_tests.Runner"/>
  <testcase name="run_scenario" time="31.884" classname="selenium_tests.Runner"/>
  <testcase name="run_scenario" time="25.055" classname="selenium_tests.Runner"/>
  <testcase name="run_scenario" time="7.506" classname="selenium_tests.Runner"/>
  <testcase name="run_scenario" time="14.572" classname="selenium_tests.Runner"/>
  <testcase name="run_scenario" time="8.820" classname="selenium_tests.Runner"/>
  <testcase name="run_scenario" time="15.292" classname="selenium_tests.Runner">
    <skipped/>
  </testcase> <!-- run_scenario -->
  <testcase name="run_scenario" time="5.977" classname="selenium_tests.Runner"/>
  <testcase name="run_scenario" time="10.427" classname="selenium_tests.Runner"/>
  <testcase name="run_scenario" time="19.975" classname="selenium_tests.Runner"/>
  <testcase name="run_scenario" time="24.873" classname="selenium_tests.Runner"/>
  <testcase name="run_scenario" time="21.854" classname="selenium_tests.Runner"/>
  <testcase name="run_scenario" time="41.133" classname="selenium_tests.Runner">
    <error type="java.lang.NumberFormatException" message="For input string: &quot;&quot;">
      <![CDATA[java.lang.NumberFormatException: For input string: ""
	at java.lang.NumberFormatException.forInputString(NumberFormatException.java:65)
	at java.lang.Integer.parseInt(Integer.java:592)
	at java.lang.Integer.valueOf(Integer.java:766)
	at selenium_tests.feature_steps.Steps_basket_feature.basket_with_products_and_quantity_is_shown(Steps_basket_feature.java:163)
	at ✽.basket with 1 products and 2 quantity is shown(src/test/resources/Features/TestSuite_basket.feature:69)
]]>
    </error>
  </testcase> <!-- run_scenario -->
  <testcase name="run_scenario" time="8.785" classname="selenium_tests.Runner"/>
  <testcase name="run_scenario" time="33.901" classname="selenium_tests.Runner"/>
  <testcase name="run_scenario" time="11.477" classname="selenium_tests.Runner"/>
  <testcase name="run_scenario" time="32.758" classname="selenium_tests.Runner"/>
  <testcase name="run_scenario" time="39.403" classname="selenium_tests.Runner"/>
  <testcase name="run_scenario" time="16.063" classname="selenium_tests.Runner"/>
  <testcase name="run_scenario" time="11.870" classname="selenium_tests.Runner"/>
  <testcase name="run_scenario" time="27.923" classname="selenium_tests.Runner"/>
  <testcase name="run_scenario" time="33.920" classname="selenium_tests.Runner"/>
  <testcase name="run_scenario" time="28.338" classname="selenium_tests.Runner"/>
  <testcase name="run_scenario" time="6.942" classname="selenium_tests.Runner"/>
  <testcase name="run_scenario" time="29.103" classname="selenium_tests.Runner"/>
  <testcase name="run_scenario" time="16.712" classname="selenium_tests.Runner"/>
  <testcase name="run_scenario" time="20.684" classname="selenium_tests.Runner"/>
  <testcase name="run_scenario" time="23.295" classname="selenium_tests.Runner"/>
  <testcase name="run_scenario" time="27.303" classname="selenium_tests.Runner"/>
  <testcase name="run_scenario" time="5.421" classname="selenium_tests.Runner"/>
  <testcase name="run_scenario" time="19.295" classname="selenium_tests.Runner"/>
  <testcase name="run_scenario" time="15.616" classname="selenium_tests.Runner"/>
  <testcase name="run_scenario" time="8.850" classname="selenium_tests.Runner"/>
  <testcase name="run_scenario" time="11.166" classname="selenium_tests.Runner"/>
  <testcase name="run_scenario" time="19.230" classname="selenium_tests.Runner"/>
  <testcase name="run_scenario" time="18.081" classname="selenium_tests.Runner"/>
  <testcase name="run_scenario" time="10.926" classname="selenium_tests.Runner"/>
  <testcase name="run_scenario" time="25.326" classname="selenium_tests.Runner"/>
  <testcase name="run_scenario" time="6.143" classname="selenium_tests.Runner"/>
  <testcase name="run_scenario" time="8.094" classname="selenium_tests.Runner"/>
  <testcase name="run_scenario" time="35.984" classname="selenium_tests.Runner"/>
  <testcase name="run_scenario" time="10.862" classname="selenium_tests.Runner"/>
  <testcase name="run_scenario" time="64.680" classname="selenium_tests.Runner">
    <error type="java.lang.NumberFormatException" message="For input string: &quot;&quot;">
      <![CDATA[java.lang.NumberFormatException: For input string: ""
	at java.lang.NumberFormatException.forInputString(NumberFormatException.java:65)
	at java.lang.Integer.parseInt(Integer.java:592)
	at java.lang.Integer.valueOf(Integer.java:766)
	at selenium_tests.feature_steps.Steps_basket_feature.basket_with_products_and_quantity_is_shown(Steps_basket_feature.java:163)
	at ✽.basket with 1 products and 2 quantity is shown(src/test/resources/Features/TestSuite_basket.feature:69)
]]>
    </error>
  </testcase> <!-- run_scenario -->
  <testcase name="run_scenario" time="30.111" classname="selenium_tests.Runner"/>
  <testcase name="run_scenario" time="10.390" classname="selenium_tests.Runner"/>
  <testcase name="run_scenario" time="17.070" classname="selenium_tests.Runner"/>
</testsuite> <!-- selenium_tests.Runner -->
