<?xml version="1.0" encoding="UTF-8"?>
<testsuite xmlns:xsi="http://www.w3.org/2001/XMLSchema-instance" xsi:noNamespaceSchemaLocation="https://maven.apache.org/surefire/maven-failsafe-plugin/xsd/failsafe-test-report.xsd" name="TestSuite" time="2,170.848" tests="255" errors="0" skipped="6" failures="6">
  <properties>
    <property name="sun.desktop" value="windows"/>
    <property name="awt.toolkit" value="sun.awt.windows.WToolkit"/>
    <property name="file.encoding.pkg" value="sun.io"/>
    <property name="java.specification.version" value="1.8"/>
    <property name="sun.cpu.isalist" value="amd64"/>
    <property name="sun.jnu.encoding" value="Cp1252"/>
    <property name="java.class.path" value="C:\Users\workpeter\Documents\Eclipse-workspace\cucumber-selenium-framework\target\test-classes;C:\Users\workpeter\Documents\Eclipse-workspace\cucumber-selenium-framework\target\ARGOS-1.1.jar;C:\Users\workpeter\.m2\repository\org\seleniumhq\selenium\selenium-java\3.12.0\selenium-java-3.12.0.jar;C:\Users\workpeter\.m2\repository\org\seleniumhq\selenium\selenium-api\3.12.0\selenium-api-3.12.0.jar;C:\Users\workpeter\.m2\repository\org\seleniumhq\selenium\selenium-chrome-driver\3.12.0\selenium-chrome-driver-3.12.0.jar;C:\Users\workpeter\.m2\repository\org\seleniumhq\selenium\selenium-edge-driver\3.12.0\selenium-edge-driver-3.12.0.jar;C:\Users\workpeter\.m2\repository\org\seleniumhq\selenium\selenium-firefox-driver\3.12.0\selenium-firefox-driver-3.12.0.jar;C:\Users\workpeter\.m2\repository\org\seleniumhq\selenium\selenium-ie-driver\3.12.0\selenium-ie-driver-3.12.0.jar;C:\Users\workpeter\.m2\repository\org\seleniumhq\selenium\selenium-opera-driver\3.12.0\selenium-opera-driver-3.12.0.jar;C:\Users\workpeter\.m2\repository\org\seleniumhq\selenium\selenium-remote-driver\3.12.0\selenium-remote-driver-3.12.0.jar;C:\Users\workpeter\.m2\repository\org\seleniumhq\selenium\selenium-safari-driver\3.12.0\selenium-safari-driver-3.12.0.jar;C:\Users\workpeter\.m2\repository\org\seleniumhq\selenium\selenium-support\3.12.0\selenium-support-3.12.0.jar;C:\Users\workpeter\.m2\repository\net\bytebuddy\byte-buddy\1.8.3\byte-buddy-1.8.3.jar;C:\Users\workpeter\.m2\repository\org\apache\commons\commons-exec\1.3\commons-exec-1.3.jar;C:\Users\workpeter\.m2\repository\commons-codec\commons-codec\1.10\commons-codec-1.10.jar;C:\Users\workpeter\.m2\repository\commons-logging\commons-logging\1.2\commons-logging-1.2.jar;C:\Users\workpeter\.m2\repository\com\google\code\gson\gson\2.8.2\gson-2.8.2.jar;C:\Users\workpeter\.m2\repository\org\apache\httpcomponents\httpclient\4.5.3\httpclient-4.5.3.jar;C:\Users\workpeter\.m2\repository\org\apache\httpcomponents\httpcore\4.4.6\httpcore-4.4.6.jar;C:\Users\workpeter\.m2\repository\com\squareup\okhttp3\okhttp\3.9.1\okhttp-3.9.1.jar;C:\Users\workpeter\.m2\repository\com\squareup\okio\okio\1.13.0\okio-1.13.0.jar;C:\Users\workpeter\.m2\repository\io\github\bonigarcia\webdrivermanager\2.2.5\webdrivermanager-2.2.5.jar;C:\Users\workpeter\.m2\repository\org\slf4j\slf4j-api\1.7.25\slf4j-api-1.7.25.jar;C:\Users\workpeter\.m2\repository\commons-io\commons-io\2.6\commons-io-2.6.jar;C:\Users\workpeter\.m2\repository\org\apache\commons\commons-lang3\3.7\commons-lang3-3.7.jar;C:\Users\workpeter\.m2\repository\org\rauschig\jarchivelib\0.8.0\jarchivelib-0.8.0.jar;C:\Users\workpeter\.m2\repository\org\apache\commons\commons-compress\1.14\commons-compress-1.14.jar;C:\Users\workpeter\.m2\repository\org\jsoup\jsoup\1.11.3\jsoup-1.11.3.jar;C:\Users\workpeter\.m2\repository\org\testng\testng\6.11\testng-6.11.jar;C:\Users\workpeter\.m2\repository\com\beust\jcommander\1.64\jcommander-1.64.jar;C:\Users\workpeter\.m2\repository\org\yaml\snakeyaml\1.17\snakeyaml-1.17.jar;C:\Users\workpeter\.m2\repository\io\cucumber\cucumber-testng\3.0.2\cucumber-testng-3.0.2.jar;C:\Users\workpeter\.m2\repository\io\cucumber\cucumber-core\3.0.2\cucumber-core-3.0.2.jar;C:\Users\workpeter\.m2\repository\io\cucumber\cucumber-html\0.2.7\cucumber-html-0.2.7.jar;C:\Users\workpeter\.m2\repository\io\cucumber\tag-expressions\1.1.1\tag-expressions-1.1.1.jar;C:\Users\workpeter\.m2\repository\io\cucumber\cucumber-expressions\5.0.19\cucumber-expressions-5.0.19.jar;C:\Users\workpeter\.m2\repository\io\cucumber\datatable\1.0.3\datatable-1.0.3.jar;C:\Users\workpeter\.m2\repository\io\cucumber\datatable-dependencies\1.0.3\datatable-dependencies-1.0.3.jar;C:\Users\workpeter\.m2\repository\io\cucumber\cucumber-java\3.0.2\cucumber-java-3.0.2.jar;C:\Users\workpeter\.m2\repository\io\cucumber\gherkin\5.1.0\gherkin-5.1.0.jar;C:\Users\workpeter\.m2\repository\io\cucumber\gherkin-jvm-deps\1.0.4\gherkin-jvm-deps-1.0.4.jar;C:\Users\workpeter\.m2\repository\net\masterthought\cucumber-reporting\1.1.0\cucumber-reporting-1.1.0.jar;C:\Users\workpeter\.m2\repository\org\apache\logging\log4j\log4j-api\2.5\log4j-api-2.5.jar;C:\Users\workpeter\.m2\repository\org\apache\logging\log4j\log4j-core\2.5\log4j-core-2.5.jar;C:\Users\workpeter\.m2\repository\org\apache\velocity\velocity\1.7\velocity-1.7.jar;C:\Users\workpeter\.m2\repository\commons-collections\commons-collections\3.2.1\commons-collections-3.2.1.jar;C:\Users\workpeter\.m2\repository\commons-lang\commons-lang\2.4\commons-lang-2.4.jar;C:\Users\workpeter\.m2\repository\velocity-tools\velocity-tools\1.4\velocity-tools-1.4.jar;C:\Users\workpeter\.m2\repository\joda-time\joda-time\2.9.1\joda-time-2.9.1.jar;C:\Users\workpeter\.m2\repository\net\lingala\zip4j\zip4j\1.3.2\zip4j-1.3.2.jar;C:\Users\workpeter\.m2\repository\org\apache\maven\plugins\maven-gpg-plugin\1.6\maven-gpg-plugin-1.6.jar;C:\Users\workpeter\.m2\repository\org\apache\maven\maven-repository-metadata\2.2.1\maven-repository-metadata-2.2.1.jar;C:\Users\workpeter\.m2\repository\org\sonatype\plexus\plexus-sec-dispatcher\1.4\plexus-sec-dispatcher-1.4.jar;C:\Users\workpeter\.m2\repository\org\sonatype\plexus\plexus-cipher\1.4\plexus-cipher-1.4.jar;C:\Users\workpeter\.m2\repository\net\lightbody\bmp\browsermob-core\2.1.5\browsermob-core-2.1.5.jar;C:\Users\workpeter\.m2\repository\net\lightbody\bmp\littleproxy\1.1.0-beta-bmp-17\littleproxy-1.1.0-beta-bmp-17.jar;C:\Users\workpeter\.m2\repository\com\fasterxml\jackson\core\jackson-core\2.8.9\jackson-core-2.8.9.jar;C:\Users\workpeter\.m2\repository\com\fasterxml\jackson\core\jackson-databind\2.8.9\jackson-databind-2.8.9.jar;C:\Users\workpeter\.m2\repository\com\fasterxml\jackson\core\jackson-annotations\2.8.9\jackson-annotations-2.8.9.jar;C:\Users\workpeter\.m2\repository\dnsjava\dnsjava\2.1.8\dnsjava-2.1.8.jar;C:\Users\workpeter\.m2\repository\org\slf4j\jcl-over-slf4j\1.7.25\jcl-over-slf4j-1.7.25.jar;C:\Users\workpeter\.m2\repository\com\jcraft\jzlib\1.1.3\jzlib-1.1.3.jar;C:\Users\workpeter\.m2\repository\io\netty\netty-all\4.0.51.Final\netty-all-4.0.51.Final.jar;C:\Users\workpeter\.m2\repository\org\bouncycastle\bcprov-jdk15on\1.58\bcprov-jdk15on-1.58.jar;C:\Users\workpeter\.m2\repository\org\bouncycastle\bcpkix-jdk15on\1.58\bcpkix-jdk15on-1.58.jar;C:\Users\workpeter\.m2\repository\net\lightbody\bmp\mitm\2.1.5\mitm-2.1.5.jar;C:\Users\workpeter\.m2\repository\org\apache\maven\plugins\maven-surefire-plugin\2.21.0\maven-surefire-plugin-2.21.0.jar;C:\Users\workpeter\.m2\repository\org\apache\maven\surefire\maven-surefire-common\2.21.0\maven-surefire-common-2.21.0.jar;C:\Users\workpeter\.m2\repository\org\apache\maven\plugin-tools\maven-plugin-annotations\3.5\maven-plugin-annotations-3.5.jar;C:\Users\workpeter\.m2\repository\org\apache\maven\surefire\surefire-api\2.21.0\surefire-api-2.21.0.jar;C:\Users\workpeter\.m2\repository\org\apache\maven\surefire\surefire-logger-api\2.21.0\surefire-logger-api-2.21.0.jar;C:\Users\workpeter\.m2\repository\org\apache\maven\surefire\surefire-booter\2.21.0\surefire-booter-2.21.0.jar;C:\Users\workpeter\.m2\repository\org\apache\maven\maven-plugin-descriptor\2.2.1\maven-plugin-descriptor-2.2.1.jar;C:\Users\workpeter\.m2\repository\org\apache\maven\maven-toolchain\2.2.1\maven-toolchain-2.2.1.jar;C:\Users\workpeter\.m2\repository\org\apache\maven\plugins\maven-failsafe-plugin\2.21.0\maven-failsafe-plugin-2.21.0.jar;C:\Users\workpeter\.m2\repository\org\apache\maven\plugins\maven-compiler-plugin\3.7.0\maven-compiler-plugin-3.7.0.jar;C:\Users\workpeter\.m2\repository\org\apache\maven\maven-plugin-api\3.0\maven-plugin-api-3.0.jar;C:\Users\workpeter\.m2\repository\org\sonatype\sisu\sisu-inject-plexus\1.4.2\sisu-inject-plexus-1.4.2.jar;C:\Users\workpeter\.m2\repository\org\sonatype\sisu\sisu-inject-bean\1.4.2\sisu-inject-bean-1.4.2.jar;C:\Users\workpeter\.m2\repository\org\sonatype\sisu\sisu-guice\2.1.7\sisu-guice-2.1.7-noaop.jar;C:\Users\workpeter\.m2\repository\org\apache\maven\maven-artifact\3.0\maven-artifact-3.0.jar;C:\Users\workpeter\.m2\repository\org\apache\maven\maven-core\3.0\maven-core-3.0.jar;C:\Users\workpeter\.m2\repository\org\apache\maven\maven-settings\3.0\maven-settings-3.0.jar;C:\Users\workpeter\.m2\repository\org\apache\maven\maven-settings-builder\3.0\maven-settings-builder-3.0.jar;C:\Users\workpeter\.m2\repository\org\apache\maven\maven-model-builder\3.0\maven-model-builder-3.0.jar;C:\Users\workpeter\.m2\repository\org\apache\maven\maven-aether-provider\3.0\maven-aether-provider-3.0.jar;C:\Users\workpeter\.m2\repository\org\sonatype\aether\aether-impl\1.7\aether-impl-1.7.jar;C:\Users\workpeter\.m2\repository\org\sonatype\aether\aether-spi\1.7\aether-spi-1.7.jar;C:\Users\workpeter\.m2\repository\org\sonatype\aether\aether-api\1.7\aether-api-1.7.jar;C:\Users\workpeter\.m2\repository\org\sonatype\aether\aether-util\1.7\aether-util-1.7.jar;C:\Users\workpeter\.m2\repository\org\codehaus\plexus\plexus-interpolation\1.14\plexus-interpolation-1.14.jar;C:\Users\workpeter\.m2\repository\org\codehaus\plexus\plexus-classworlds\2.2.3\plexus-classworlds-2.2.3.jar;C:\Users\workpeter\.m2\repository\org\codehaus\plexus\plexus-component-annotations\1.5.5\plexus-component-annotations-1.5.5.jar;C:\Users\workpeter\.m2\repository\org\apache\maven\shared\maven-shared-utils\3.1.0\maven-shared-utils-3.1.0.jar;C:\Users\workpeter\.m2\repository\org\apache\maven\shared\maven-shared-incremental\1.1\maven-shared-incremental-1.1.jar;C:\Users\workpeter\.m2\repository\org\codehaus\plexus\plexus-java\0.9.2\plexus-java-0.9.2.jar;C:\Users\workpeter\.m2\repository\org\ow2\asm\asm\6.0_BETA\asm-6.0_BETA.jar;C:\Users\workpeter\.m2\repository\com\thoughtworks\qdox\qdox\2.0-M7\qdox-2.0-M7.jar;C:\Users\workpeter\.m2\repository\org\codehaus\plexus\plexus-compiler-api\2.8.2\plexus-compiler-api-2.8.2.jar;C:\Users\workpeter\.m2\repository\org\codehaus\plexus\plexus-compiler-manager\2.8.2\plexus-compiler-manager-2.8.2.jar;C:\Users\workpeter\.m2\repository\org\codehaus\plexus\plexus-compiler-javac\2.8.2\plexus-compiler-javac-2.8.2.jar;C:\Users\workpeter\.m2\repository\org\apache\maven\plugins\maven-install-plugin\2.5.2\maven-install-plugin-2.5.2.jar;C:\Users\workpeter\.m2\repository\org\apache\maven\maven-project\2.2.1\maven-project-2.2.1.jar;C:\Users\workpeter\.m2\repository\org\apache\maven\maven-profile\2.2.1\maven-profile-2.2.1.jar;C:\Users\workpeter\.m2\repository\org\apache\maven\maven-plugin-registry\2.2.1\maven-plugin-registry-2.2.1.jar;C:\Users\workpeter\.m2\repository\org\codehaus\plexus\plexus-container-default\1.0-alpha-9-stable-1\plexus-container-default-1.0-alpha-9-stable-1.jar;C:\Users\workpeter\.m2\repository\junit\junit\3.8.1\junit-3.8.1.jar;C:\Users\workpeter\.m2\repository\classworlds\classworlds\1.1-alpha-2\classworlds-1.1-alpha-2.jar;C:\Users\workpeter\.m2\repository\org\apache\maven\maven-model\2.2.1\maven-model-2.2.1.jar;C:\Users\workpeter\.m2\repository\org\apache\maven\maven-artifact-manager\2.2.1\maven-artifact-manager-2.2.1.jar;C:\Users\workpeter\.m2\repository\org\apache\maven\wagon\wagon-provider-api\1.0-beta-6\wagon-provider-api-1.0-beta-6.jar;C:\Users\workpeter\.m2\repository\backport-util-concurrent\backport-util-concurrent\3.1\backport-util-concurrent-3.1.jar;C:\Users\workpeter\.m2\repository\org\codehaus\plexus\plexus-utils\3.0.15\plexus-utils-3.0.15.jar;C:\Users\workpeter\.m2\repository\com\google\guava\guava\24.0-jre\guava-24.0-jre.jar;C:\Users\workpeter\.m2\repository\com\google\code\findbugs\jsr305\1.3.9\jsr305-1.3.9.jar;C:\Users\workpeter\.m2\repository\org\checkerframework\checker-compat-qual\2.0.0\checker-compat-qual-2.0.0.jar;C:\Users\workpeter\.m2\repository\com\google\errorprone\error_prone_annotations\2.1.3\error_prone_annotations-2.1.3.jar;C:\Users\workpeter\.m2\repository\com\google\j2objc\j2objc-annotations\1.1\j2objc-annotations-1.1.jar;C:\Users\workpeter\.m2\repository\org\codehaus\mojo\animal-sniffer-annotations\1.14\animal-sniffer-annotations-1.14.jar;C:\Users\workpeter\.m2\repository\org\apache\poi\poi\3.7\poi-3.7.jar;C:\Users\workpeter\.m2\repository\org\apache\maven\surefire\surefire-testng-utils\2.21.0\surefire-testng-utils-2.21.0.jar;C:\Users\workpeter\.m2\repository\org\apache\maven\surefire\surefire-grouper\2.21.0\surefire-grouper-2.21.0.jar;"/>
    <property name="java.vm.vendor" value="Oracle Corporation"/>
    <property name="sun.arch.data.model" value="64"/>
    <property name="user.variant" value=""/>
    <property name="java.vendor.url" value="http://java.oracle.com/"/>
    <property name="user.timezone" value=""/>
    <property name="java.vm.specification.version" value="1.8"/>
    <property name="os.name" value="Windows 10"/>
    <property name="user.country" value="GB"/>
    <property name="sun.java.launcher" value="SUN_STANDARD"/>
    <property name="sun.boot.library.path" value="C:\Program Files\Java\jdk1.8.0_161\jre\bin"/>
    <property name="sun.java.command" value="C:\Users\WORKPE~1\AppData\Local\Temp\surefire1749818413824593306\surefirebooter6458597416578927003.jar C:\Users\workpeter\AppData\Local\Temp\surefire1749818413824593306 2018-10-07T01-14-28_877-jvmRun1 surefire8243498685539416020tmp surefire_03266285554846325346tmp"/>
    <property name="surefire.test.class.path" value="C:\Users\workpeter\Documents\Eclipse-workspace\cucumber-selenium-framework\target\test-classes;C:\Users\workpeter\Documents\Eclipse-workspace\cucumber-selenium-framework\target\ARGOS-1.1.jar;C:\Users\workpeter\.m2\repository\org\seleniumhq\selenium\selenium-java\3.12.0\selenium-java-3.12.0.jar;C:\Users\workpeter\.m2\repository\org\seleniumhq\selenium\selenium-api\3.12.0\selenium-api-3.12.0.jar;C:\Users\workpeter\.m2\repository\org\seleniumhq\selenium\selenium-chrome-driver\3.12.0\selenium-chrome-driver-3.12.0.jar;C:\Users\workpeter\.m2\repository\org\seleniumhq\selenium\selenium-edge-driver\3.12.0\selenium-edge-driver-3.12.0.jar;C:\Users\workpeter\.m2\repository\org\seleniumhq\selenium\selenium-firefox-driver\3.12.0\selenium-firefox-driver-3.12.0.jar;C:\Users\workpeter\.m2\repository\org\seleniumhq\selenium\selenium-ie-driver\3.12.0\selenium-ie-driver-3.12.0.jar;C:\Users\workpeter\.m2\repository\org\seleniumhq\selenium\selenium-opera-driver\3.12.0\selenium-opera-driver-3.12.0.jar;C:\Users\workpeter\.m2\repository\org\seleniumhq\selenium\selenium-remote-driver\3.12.0\selenium-remote-driver-3.12.0.jar;C:\Users\workpeter\.m2\repository\org\seleniumhq\selenium\selenium-safari-driver\3.12.0\selenium-safari-driver-3.12.0.jar;C:\Users\workpeter\.m2\repository\org\seleniumhq\selenium\selenium-support\3.12.0\selenium-support-3.12.0.jar;C:\Users\workpeter\.m2\repository\net\bytebuddy\byte-buddy\1.8.3\byte-buddy-1.8.3.jar;C:\Users\workpeter\.m2\repository\org\apache\commons\commons-exec\1.3\commons-exec-1.3.jar;C:\Users\workpeter\.m2\repository\commons-codec\commons-codec\1.10\commons-codec-1.10.jar;C:\Users\workpeter\.m2\repository\commons-logging\commons-logging\1.2\commons-logging-1.2.jar;C:\Users\workpeter\.m2\repository\com\google\code\gson\gson\2.8.2\gson-2.8.2.jar;C:\Users\workpeter\.m2\repository\org\apache\httpcomponents\httpclient\4.5.3\httpclient-4.5.3.jar;C:\Users\workpeter\.m2\repository\org\apache\httpcomponents\httpcore\4.4.6\httpcore-4.4.6.jar;C:\Users\workpeter\.m2\repository\com\squareup\okhttp3\okhttp\3.9.1\okhttp-3.9.1.jar;C:\Users\workpeter\.m2\repository\com\squareup\okio\okio\1.13.0\okio-1.13.0.jar;C:\Users\workpeter\.m2\repository\io\github\bonigarcia\webdrivermanager\2.2.5\webdrivermanager-2.2.5.jar;C:\Users\workpeter\.m2\repository\org\slf4j\slf4j-api\1.7.25\slf4j-api-1.7.25.jar;C:\Users\workpeter\.m2\repository\commons-io\commons-io\2.6\commons-io-2.6.jar;C:\Users\workpeter\.m2\repository\org\apache\commons\commons-lang3\3.7\commons-lang3-3.7.jar;C:\Users\workpeter\.m2\repository\org\rauschig\jarchivelib\0.8.0\jarchivelib-0.8.0.jar;C:\Users\workpeter\.m2\repository\org\apache\commons\commons-compress\1.14\commons-compress-1.14.jar;C:\Users\workpeter\.m2\repository\org\jsoup\jsoup\1.11.3\jsoup-1.11.3.jar;C:\Users\workpeter\.m2\repository\org\testng\testng\6.11\testng-6.11.jar;C:\Users\workpeter\.m2\repository\com\beust\jcommander\1.64\jcommander-1.64.jar;C:\Users\workpeter\.m2\repository\org\yaml\snakeyaml\1.17\snakeyaml-1.17.jar;C:\Users\workpeter\.m2\repository\io\cucumber\cucumber-testng\3.0.2\cucumber-testng-3.0.2.jar;C:\Users\workpeter\.m2\repository\io\cucumber\cucumber-core\3.0.2\cucumber-core-3.0.2.jar;C:\Users\workpeter\.m2\repository\io\cucumber\cucumber-html\0.2.7\cucumber-html-0.2.7.jar;C:\Users\workpeter\.m2\repository\io\cucumber\tag-expressions\1.1.1\tag-expressions-1.1.1.jar;C:\Users\workpeter\.m2\repository\io\cucumber\cucumber-expressions\5.0.19\cucumber-expressions-5.0.19.jar;C:\Users\workpeter\.m2\repository\io\cucumber\datatable\1.0.3\datatable-1.0.3.jar;C:\Users\workpeter\.m2\repository\io\cucumber\datatable-dependencies\1.0.3\datatable-dependencies-1.0.3.jar;C:\Users\workpeter\.m2\repository\io\cucumber\cucumber-java\3.0.2\cucumber-java-3.0.2.jar;C:\Users\workpeter\.m2\repository\io\cucumber\gherkin\5.1.0\gherkin-5.1.0.jar;C:\Users\workpeter\.m2\repository\io\cucumber\gherkin-jvm-deps\1.0.4\gherkin-jvm-deps-1.0.4.jar;C:\Users\workpeter\.m2\repository\net\masterthought\cucumber-reporting\1.1.0\cucumber-reporting-1.1.0.jar;C:\Users\workpeter\.m2\repository\org\apache\logging\log4j\log4j-api\2.5\log4j-api-2.5.jar;C:\Users\workpeter\.m2\repository\org\apache\logging\log4j\log4j-core\2.5\log4j-core-2.5.jar;C:\Users\workpeter\.m2\repository\org\apache\velocity\velocity\1.7\velocity-1.7.jar;C:\Users\workpeter\.m2\repository\commons-collections\commons-collections\3.2.1\commons-collections-3.2.1.jar;C:\Users\workpeter\.m2\repository\commons-lang\commons-lang\2.4\commons-lang-2.4.jar;C:\Users\workpeter\.m2\repository\velocity-tools\velocity-tools\1.4\velocity-tools-1.4.jar;C:\Users\workpeter\.m2\repository\joda-time\joda-time\2.9.1\joda-time-2.9.1.jar;C:\Users\workpeter\.m2\repository\net\lingala\zip4j\zip4j\1.3.2\zip4j-1.3.2.jar;C:\Users\workpeter\.m2\repository\org\apache\maven\plugins\maven-gpg-plugin\1.6\maven-gpg-plugin-1.6.jar;C:\Users\workpeter\.m2\repository\org\apache\maven\maven-repository-metadata\2.2.1\maven-repository-metadata-2.2.1.jar;C:\Users\workpeter\.m2\repository\org\sonatype\plexus\plexus-sec-dispatcher\1.4\plexus-sec-dispatcher-1.4.jar;C:\Users\workpeter\.m2\repository\org\sonatype\plexus\plexus-cipher\1.4\plexus-cipher-1.4.jar;C:\Users\workpeter\.m2\repository\net\lightbody\bmp\browsermob-core\2.1.5\browsermob-core-2.1.5.jar;C:\Users\workpeter\.m2\repository\net\lightbody\bmp\littleproxy\1.1.0-beta-bmp-17\littleproxy-1.1.0-beta-bmp-17.jar;C:\Users\workpeter\.m2\repository\com\fasterxml\jackson\core\jackson-core\2.8.9\jackson-core-2.8.9.jar;C:\Users\workpeter\.m2\repository\com\fasterxml\jackson\core\jackson-databind\2.8.9\jackson-databind-2.8.9.jar;C:\Users\workpeter\.m2\repository\com\fasterxml\jackson\core\jackson-annotations\2.8.9\jackson-annotations-2.8.9.jar;C:\Users\workpeter\.m2\repository\dnsjava\dnsjava\2.1.8\dnsjava-2.1.8.jar;C:\Users\workpeter\.m2\repository\org\slf4j\jcl-over-slf4j\1.7.25\jcl-over-slf4j-1.7.25.jar;C:\Users\workpeter\.m2\repository\com\jcraft\jzlib\1.1.3\jzlib-1.1.3.jar;C:\Users\workpeter\.m2\repository\io\netty\netty-all\4.0.51.Final\netty-all-4.0.51.Final.jar;C:\Users\workpeter\.m2\repository\org\bouncycastle\bcprov-jdk15on\1.58\bcprov-jdk15on-1.58.jar;C:\Users\workpeter\.m2\repository\org\bouncycastle\bcpkix-jdk15on\1.58\bcpkix-jdk15on-1.58.jar;C:\Users\workpeter\.m2\repository\net\lightbody\bmp\mitm\2.1.5\mitm-2.1.5.jar;C:\Users\workpeter\.m2\repository\org\apache\maven\plugins\maven-surefire-plugin\2.21.0\maven-surefire-plugin-2.21.0.jar;C:\Users\workpeter\.m2\repository\org\apache\maven\surefire\maven-surefire-common\2.21.0\maven-surefire-common-2.21.0.jar;C:\Users\workpeter\.m2\repository\org\apache\maven\plugin-tools\maven-plugin-annotations\3.5\maven-plugin-annotations-3.5.jar;C:\Users\workpeter\.m2\repository\org\apache\maven\surefire\surefire-api\2.21.0\surefire-api-2.21.0.jar;C:\Users\workpeter\.m2\repository\org\apache\maven\surefire\surefire-logger-api\2.21.0\surefire-logger-api-2.21.0.jar;C:\Users\workpeter\.m2\repository\org\apache\maven\surefire\surefire-booter\2.21.0\surefire-booter-2.21.0.jar;C:\Users\workpeter\.m2\repository\org\apache\maven\maven-plugin-descriptor\2.2.1\maven-plugin-descriptor-2.2.1.jar;C:\Users\workpeter\.m2\repository\org\apache\maven\maven-toolchain\2.2.1\maven-toolchain-2.2.1.jar;C:\Users\workpeter\.m2\repository\org\apache\maven\plugins\maven-failsafe-plugin\2.21.0\maven-failsafe-plugin-2.21.0.jar;C:\Users\workpeter\.m2\repository\org\apache\maven\plugins\maven-compiler-plugin\3.7.0\maven-compiler-plugin-3.7.0.jar;C:\Users\workpeter\.m2\repository\org\apache\maven\maven-plugin-api\3.0\maven-plugin-api-3.0.jar;C:\Users\workpeter\.m2\repository\org\sonatype\sisu\sisu-inject-plexus\1.4.2\sisu-inject-plexus-1.4.2.jar;C:\Users\workpeter\.m2\repository\org\sonatype\sisu\sisu-inject-bean\1.4.2\sisu-inject-bean-1.4.2.jar;C:\Users\workpeter\.m2\repository\org\sonatype\sisu\sisu-guice\2.1.7\sisu-guice-2.1.7-noaop.jar;C:\Users\workpeter\.m2\repository\org\apache\maven\maven-artifact\3.0\maven-artifact-3.0.jar;C:\Users\workpeter\.m2\repository\org\apache\maven\maven-core\3.0\maven-core-3.0.jar;C:\Users\workpeter\.m2\repository\org\apache\maven\maven-settings\3.0\maven-settings-3.0.jar;C:\Users\workpeter\.m2\repository\org\apache\maven\maven-settings-builder\3.0\maven-settings-builder-3.0.jar;C:\Users\workpeter\.m2\repository\org\apache\maven\maven-model-builder\3.0\maven-model-builder-3.0.jar;C:\Users\workpeter\.m2\repository\org\apache\maven\maven-aether-provider\3.0\maven-aether-provider-3.0.jar;C:\Users\workpeter\.m2\repository\org\sonatype\aether\aether-impl\1.7\aether-impl-1.7.jar;C:\Users\workpeter\.m2\repository\org\sonatype\aether\aether-spi\1.7\aether-spi-1.7.jar;C:\Users\workpeter\.m2\repository\org\sonatype\aether\aether-api\1.7\aether-api-1.7.jar;C:\Users\workpeter\.m2\repository\org\sonatype\aether\aether-util\1.7\aether-util-1.7.jar;C:\Users\workpeter\.m2\repository\org\codehaus\plexus\plexus-interpolation\1.14\plexus-interpolation-1.14.jar;C:\Users\workpeter\.m2\repository\org\codehaus\plexus\plexus-classworlds\2.2.3\plexus-classworlds-2.2.3.jar;C:\Users\workpeter\.m2\repository\org\codehaus\plexus\plexus-component-annotations\1.5.5\plexus-component-annotations-1.5.5.jar;C:\Users\workpeter\.m2\repository\org\apache\maven\shared\maven-shared-utils\3.1.0\maven-shared-utils-3.1.0.jar;C:\Users\workpeter\.m2\repository\org\apache\maven\shared\maven-shared-incremental\1.1\maven-shared-incremental-1.1.jar;C:\Users\workpeter\.m2\repository\org\codehaus\plexus\plexus-java\0.9.2\plexus-java-0.9.2.jar;C:\Users\workpeter\.m2\repository\org\ow2\asm\asm\6.0_BETA\asm-6.0_BETA.jar;C:\Users\workpeter\.m2\repository\com\thoughtworks\qdox\qdox\2.0-M7\qdox-2.0-M7.jar;C:\Users\workpeter\.m2\repository\org\codehaus\plexus\plexus-compiler-api\2.8.2\plexus-compiler-api-2.8.2.jar;C:\Users\workpeter\.m2\repository\org\codehaus\plexus\plexus-compiler-manager\2.8.2\plexus-compiler-manager-2.8.2.jar;C:\Users\workpeter\.m2\repository\org\codehaus\plexus\plexus-compiler-javac\2.8.2\plexus-compiler-javac-2.8.2.jar;C:\Users\workpeter\.m2\repository\org\apache\maven\plugins\maven-install-plugin\2.5.2\maven-install-plugin-2.5.2.jar;C:\Users\workpeter\.m2\repository\org\apache\maven\maven-project\2.2.1\maven-project-2.2.1.jar;C:\Users\workpeter\.m2\repository\org\apache\maven\maven-profile\2.2.1\maven-profile-2.2.1.jar;C:\Users\workpeter\.m2\repository\org\apache\maven\maven-plugin-registry\2.2.1\maven-plugin-registry-2.2.1.jar;C:\Users\workpeter\.m2\repository\org\codehaus\plexus\plexus-container-default\1.0-alpha-9-stable-1\plexus-container-default-1.0-alpha-9-stable-1.jar;C:\Users\workpeter\.m2\repository\junit\junit\3.8.1\junit-3.8.1.jar;C:\Users\workpeter\.m2\repository\classworlds\classworlds\1.1-alpha-2\classworlds-1.1-alpha-2.jar;C:\Users\workpeter\.m2\repository\org\apache\maven\maven-model\2.2.1\maven-model-2.2.1.jar;C:\Users\workpeter\.m2\repository\org\apache\maven\maven-artifact-manager\2.2.1\maven-artifact-manager-2.2.1.jar;C:\Users\workpeter\.m2\repository\org\apache\maven\wagon\wagon-provider-api\1.0-beta-6\wagon-provider-api-1.0-beta-6.jar;C:\Users\workpeter\.m2\repository\backport-util-concurrent\backport-util-concurrent\3.1\backport-util-concurrent-3.1.jar;C:\Users\workpeter\.m2\repository\org\codehaus\plexus\plexus-utils\3.0.15\plexus-utils-3.0.15.jar;C:\Users\workpeter\.m2\repository\com\google\guava\guava\24.0-jre\guava-24.0-jre.jar;C:\Users\workpeter\.m2\repository\com\google\code\findbugs\jsr305\1.3.9\jsr305-1.3.9.jar;C:\Users\workpeter\.m2\repository\org\checkerframework\checker-compat-qual\2.0.0\checker-compat-qual-2.0.0.jar;C:\Users\workpeter\.m2\repository\com\google\errorprone\error_prone_annotations\2.1.3\error_prone_annotations-2.1.3.jar;C:\Users\workpeter\.m2\repository\com\google\j2objc\j2objc-annotations\1.1\j2objc-annotations-1.1.jar;C:\Users\workpeter\.m2\repository\org\codehaus\mojo\animal-sniffer-annotations\1.14\animal-sniffer-annotations-1.14.jar;C:\Users\workpeter\.m2\repository\org\apache\poi\poi\3.7\poi-3.7.jar;C:\Users\workpeter\.m2\repository\org\apache\maven\surefire\surefire-testng-utils\2.21.0\surefire-testng-utils-2.21.0.jar;C:\Users\workpeter\.m2\repository\org\apache\maven\surefire\surefire-grouper\2.21.0\surefire-grouper-2.21.0.jar;"/>
    <property name="sun.cpu.endian" value="little"/>
    <property name="user.home" value="C:\Users\workpeter"/>
    <property name="user.language" value="en"/>
    <property name="java.specification.vendor" value="Oracle Corporation"/>
    <property name="java.home" value="C:\Program Files\Java\jdk1.8.0_161\jre"/>
    <property name="basedir" value="C:\Users\workpeter\Documents\Eclipse-workspace\cucumber-selenium-framework"/>
    <property name="file.separator" value="\"/>
    <property name="line.separator" value="&#10;"/>
    <property name="java.vm.specification.vendor" value="Oracle Corporation"/>
    <property name="java.specification.name" value="Java Platform API Specification"/>
    <property name="java.awt.graphicsenv" value="sun.awt.Win32GraphicsEnvironment"/>
    <property name="surefire.real.class.path" value="C:\Users\WORKPE~1\AppData\Local\Temp\surefire1749818413824593306\surefirebooter6458597416578927003.jar"/>
    <property name="sun.boot.class.path" value="C:\Program Files\Java\jdk1.8.0_161\jre\lib\resources.jar;C:\Program Files\Java\jdk1.8.0_161\jre\lib\rt.jar;C:\Program Files\Java\jdk1.8.0_161\jre\lib\sunrsasign.jar;C:\Program Files\Java\jdk1.8.0_161\jre\lib\jsse.jar;C:\Program Files\Java\jdk1.8.0_161\jre\lib\jce.jar;C:\Program Files\Java\jdk1.8.0_161\jre\lib\charsets.jar;C:\Program Files\Java\jdk1.8.0_161\jre\lib\jfr.jar;C:\Program Files\Java\jdk1.8.0_161\jre\classes"/>
    <property name="user.script" value=""/>
    <property name="sun.management.compiler" value="HotSpot 64-Bit Tiered Compilers"/>
    <property name="chrome.logging.enabled" value="no"/>
    <property name="java.runtime.version" value="1.8.0_161-b12"/>
    <property name="user.name" value="workpeter"/>
    <property name="path.separator" value=";"/>
    <property name="selenium.grid.hub" value="http://tester125:c2fd0b81-7ee7-4944-84fa-459ab46c8742@ondemand.saucelabs.com:80/wd/hub"/>
    <property name="os.version" value="10.0"/>
    <property name="java.endorsed.dirs" value="C:\Program Files\Java\jdk1.8.0_161\jre\lib\endorsed"/>
    <property name="java.runtime.name" value="Java(TM) SE Runtime Environment"/>
    <property name="file.encoding" value="Cp1252"/>
    <property name="java.vm.name" value="Java HotSpot(TM) 64-Bit Server VM"/>
    <property name="browsermob.proxy.enabled" value="no"/>
    <property name="localRepository" value="C:\Users\workpeter\.m2\repository"/>
    <property name="java.vendor.url.bug" value="http://bugreport.sun.com/bugreport/"/>
    <property name="java.io.tmpdir" value="C:\Users\WORKPE~1\AppData\Local\Temp\"/>
    <property name="java.version" value="1.8.0_161"/>
    <property name="user.dir" value="C:\Users\workpeter\Documents\Eclipse-workspace\cucumber-selenium-framework"/>
    <property name="os.arch" value="amd64"/>
    <property name="selenium.grid.enabled" value="no"/>
    <property name="java.vm.specification.name" value="Java Virtual Machine Specification"/>
    <property name="java.awt.printerjob" value="sun.awt.windows.WPrinterJob"/>
    <property name="sun.os.patch.level" value=""/>
    <property name="java.library.path" value="C:\Program Files\Java\jdk1.8.0_161\jre\bin;C:\WINDOWS\Sun\Java\bin;C:\WINDOWS\system32;C:\WINDOWS;C:/Program Files/Java/jdk1.8.0_161/bin/../jre/bin/server;C:/Program Files/Java/jdk1.8.0_161/bin/../jre/bin;C:/Program Files/Java/jdk1.8.0_161/bin/../jre/lib/amd64;C:\Program Files (x86)\ActiveState Komodo Edit 11\;C:\Program Files (x86)\Intel\iCLS Client\;C:\Program Files\Intel\iCLS Client\;C:\Program Files\Java\jdk1.8.0_161\bin;C:\ProgramData\Oracle\Java\javapath;C:\WINDOWS\system32;C:\WINDOWS;C:\WINDOWS\System32\Wbem;C:\WINDOWS\System32\WindowsPowerShell\v1.0\;C:\Program Files\Maven\bin;C:\Program Files (x86)\Intel\Intel(R) Management Engine Components\DAL;C:\Program Files\Intel\Intel(R) Management Engine Components\DAL;C:\Program Files (x86)\Intel\Intel(R) Management Engine Components\IPT;C:\Program Files\Intel\Intel(R) Management Engine Components\IPT;C:\Program Files\apache-ant-1.10.1\bin;C:\Program Files\groovy-2.4.13\bin;%C:\Program Files\glassfish4%\bin;C:\Program Files\glassfish4\bin;C:\Program Files\SmartBear\ReadyAPI-2.2.0\bin;C:\Program Files (x86)\SmartBear\SoapUI-5.4.0\bin;%MQ_HOME%\bin;C:\Program Files\Git\bin;C:\Program Files\MySQL\MySQL Utilities 1.6\;C:\Program Files (x86)\Microsoft SQL Server\Client SDK\ODBC\130\Tools\Binn\;C:\Program Files (x86)\Microsoft SQL Server\140\Tools\Binn\;C:\Program Files (x86)\Microsoft SQL Server\140\DTS\Binn\;C:\Program Files (x86)\Microsoft SQL Server\140\Tools\Binn\ManagementStudio\;C:\WINDOWS\System32\OpenSSH\;C:\Program Files\Microsoft SQL Server\Client SDK\ODBC\130\Tools\Binn\;C:\Program Files\Microsoft SQL Server\140\Tools\Binn\;C:\Program Files\Microsoft SQL Server\140\DTS\Binn\;C:\Program Files\nodejs\;C:\Ruby24-x64\bin;C:\Users\workpeter\AppData\Local\Microsoft\WindowsApps;C:\Users\workpeter\AppData\Roaming\npm;C:\Users\workpeter\AppData\Local\Programs\Fiddler;C:\Program Files\Eclipse;;."/>
    <property name="java.vm.info" value="mixed mode"/>
    <property name="java.vendor" value="Oracle Corporation"/>
    <property name="java.vm.version" value="25.161-b12"/>
    <property name="java.ext.dirs" value="C:\Program Files\Java\jdk1.8.0_161\jre\lib\ext;C:\WINDOWS\Sun\Java\lib\ext"/>
    <property name="sun.io.unicode.encoding" value="UnicodeLittle"/>
    <property name="env.qa.url" value="http://www.argos.co.uk"/>
    <property name="java.class.version" value="52.0"/>
  </properties>
  <testcase name="run_scenario" classname="selenium_tests.Runner" time="8.61"/>
  <testcase name="run_scenario" classname="selenium_tests.Runner" time="14.065"/>
  <testcase name="run_scenario" classname="selenium_tests.Runner" time="0.695"/>
  <testcase name="run_scenario" classname="selenium_tests.Runner" time="3.519"/>
  <testcase name="run_scenario" classname="selenium_tests.Runner" time="16.628"/>
  <testcase name="run_scenario" classname="selenium_tests.Runner" time="16.864"/>
  <testcase name="run_scenario" classname="selenium_tests.Runner" time="1.634"/>
  <testcase name="run_scenario" classname="selenium_tests.Runner" time="19.088"/>
  <testcase name="run_scenario" classname="selenium_tests.Runner" time="20.017"/>
  <testcase name="run_scenario" classname="selenium_tests.Runner" time="3.229"/>
  <testcase name="run_scenario" classname="selenium_tests.Runner" time="10.304"/>
  <testcase name="run_scenario" classname="selenium_tests.Runner" time="5.858"/>
  <testcase name="run_scenario" classname="selenium_tests.Runner" time="1.999"/>
  <testcase name="run_scenario" classname="selenium_tests.Runner" time="10.991"/>
  <testcase name="run_scenario" classname="selenium_tests.Runner" time="6.321"/>
  <testcase name="run_scenario" classname="selenium_tests.Runner" time="1.671"/>
  <testcase name="run_scenario" classname="selenium_tests.Runner" time="9.954"/>
  <testcase name="run_scenario" classname="selenium_tests.Runner" time="8.252"/>
  <testcase name="run_scenario" classname="selenium_tests.Runner" time="9.006"/>
  <testcase name="run_scenario" classname="selenium_tests.Runner" time="8.463"/>
  <testcase name="run_scenario" classname="selenium_tests.Runner" time="7.878"/>
  <testcase name="run_scenario" classname="selenium_tests.Runner" time="2.337"/>
  <testcase name="run_scenario" classname="selenium_tests.Runner" time="8.924"/>
  <testcase name="run_scenario" classname="selenium_tests.Runner" time="5.486"/>
  <testcase name="run_scenario" classname="selenium_tests.Runner" time="4.079"/>
  <testcase name="run_scenario" classname="selenium_tests.Runner" time="8.575"/>
  <testcase name="run_scenario" classname="selenium_tests.Runner" time="13.456"/>
  <testcase name="run_scenario" classname="selenium_tests.Runner" time="0.456"/>
  <testcase name="run_scenario" classname="selenium_tests.Runner" time="7.507"/>
  <testcase name="run_scenario" classname="selenium_tests.Runner" time="11.87"/>
  <testcase name="run_scenario" classname="selenium_tests.Runner" time="4.063"/>
  <testcase name="run_scenario" classname="selenium_tests.Runner" time="1.296"/>
  <testcase name="run_scenario" classname="selenium_tests.Runner" time="18.559"/>
  <testcase name="run_scenario" classname="selenium_tests.Runner" time="19.36"/>
  <testcase name="run_scenario" classname="selenium_tests.Runner" time="5.254"/>
  <testcase name="run_scenario" classname="selenium_tests.Runner" time="11.286"/>
  <testcase name="run_scenario" classname="selenium_tests.Runner" time="10.676"/>
  <testcase name="run_scenario" classname="selenium_tests.Runner" time="4.058"/>
  <testcase name="run_scenario" classname="selenium_tests.Runner" time="0.248"/>
  <testcase name="run_scenario" classname="selenium_tests.Runner" time="18.079"/>
  <testcase name="run_scenario" classname="selenium_tests.Runner" time="3.137"/>
  <testcase name="run_scenario" classname="selenium_tests.Runner" time="5.009"/>
  <testcase name="run_scenario" classname="selenium_tests.Runner" time="11.019"/>
  <testcase name="run_scenario" classname="selenium_tests.Runner" time="6.527"/>
  <testcase name="run_scenario" classname="selenium_tests.Runner" time="10.466"/>
  <testcase name="run_scenario" classname="selenium_tests.Runner" time="3.802"/>
  <testcase name="run_scenario" classname="selenium_tests.Runner" time="8.181"/>
  <testcase name="run_scenario" classname="selenium_tests.Runner" time="12.379"/>
  <testcase name="run_scenario" classname="selenium_tests.Runner" time="1.423"/>
  <testcase name="run_scenario" classname="selenium_tests.Runner" time="3.292"/>
  <testcase name="run_scenario" classname="selenium_tests.Runner" time="14.236"/>
  <testcase name="run_scenario" classname="selenium_tests.Runner" time="2.217"/>
  <testcase name="run_scenario" classname="selenium_tests.Runner" time="7.932"/>
  <testcase name="run_scenario" classname="selenium_tests.Runner" time="0.475"/>
  <testcase name="run_scenario" classname="selenium_tests.Runner" time="6.968"/>
  <testcase name="run_scenario" classname="selenium_tests.Runner" time="16.862"/>
  <testcase name="run_scenario" classname="selenium_tests.Runner" time="0.394"/>
  <testcase name="run_scenario" classname="selenium_tests.Runner" time="1.002"/>
  <testcase name="run_scenario" classname="selenium_tests.Runner" time="14.879"/>
  <testcase name="run_scenario" classname="selenium_tests.Runner" time="5.5"/>
  <testcase name="run_scenario" classname="selenium_tests.Runner" time="1.84"/>
  <testcase name="run_scenario" classname="selenium_tests.Runner" time="3.528"/>
  <testcase name="run_scenario" classname="selenium_tests.Runner" time="18.235"/>
  <testcase name="run_scenario" classname="selenium_tests.Runner" time="2.537"/>
  <testcase name="run_scenario" classname="selenium_tests.Runner" time="5.242"/>
  <testcase name="run_scenario" classname="selenium_tests.Runner" time="14.08"/>
  <testcase name="run_scenario" classname="selenium_tests.Runner" time="3.64"/>
  <testcase name="run_scenario" classname="selenium_tests.Runner" time="10.58"/>
  <testcase name="run_scenario" classname="selenium_tests.Runner" time="6.983"/>
  <testcase name="run_scenario" classname="selenium_tests.Runner" time="1.671"/>
  <testcase name="run_scenario" classname="selenium_tests.Runner" time="8.246"/>
  <testcase name="run_scenario" classname="selenium_tests.Runner" time="11.33"/>
  <testcase name="run_scenario" classname="selenium_tests.Runner" time="0.524"/>
  <testcase name="run_scenario" classname="selenium_tests.Runner" time="19.964"/>
  <testcase name="run_scenario" classname="selenium_tests.Runner" time="2.449"/>
  <testcase name="run_scenario" classname="selenium_tests.Runner" time="2.218"/>
  <testcase name="run_scenario" classname="selenium_tests.Runner" time="0">
    <skipped message="cucumber.api.PendingException: TODO: implement me&#10;	at selenium_tests.feature_steps.Steps_basket_feature.adds_product_to_basket(Steps_basket_feature.java:41)&#10;	at ✽.adds product to basket(src/test/resources/Features/TestSuite_basket.feature:14)&#10;"/>
    <system-out><![CDATA[[Skipping next scenerio step/s] This item is not available online to add to basket
]]></system-out>
  </testcase>
  <testcase name="run_scenario" classname="selenium_tests.Runner" time="3.751"/>
  <testcase name="run_scenario" classname="selenium_tests.Runner" time="18.739"/>
  <testcase name="run_scenario" classname="selenium_tests.Runner" time="2.737"/>
  <testcase name="run_scenario" classname="selenium_tests.Runner" time="6.375"/>
  <testcase name="run_scenario" classname="selenium_tests.Runner" time="0">
    <skipped message="cucumber.api.PendingException: TODO: implement me&#10;	at selenium_tests.feature_steps.Steps_basket_feature.adds_product_to_basket(Steps_basket_feature.java:41)&#10;	at ✽.adds product to basket(src/test/resources/Features/TestSuite_basket.feature:14)&#10;"/>
    <system-out><![CDATA[[Skipping next scenerio step/s] This item is not available online to add to basket
]]></system-out>
  </testcase>
  <testcase name="run_scenario" classname="selenium_tests.Runner" time="14.942"/>
  <testcase name="run_scenario" classname="selenium_tests.Runner" time="7.162"/>
  <testcase name="run_scenario" classname="selenium_tests.Runner" time="2.261"/>
  <testcase name="run_scenario" classname="selenium_tests.Runner" time="22.549"/>
  <testcase name="run_scenario" classname="selenium_tests.Runner" time="3.771"/>
  <testcase name="run_scenario" classname="selenium_tests.Runner" time="3.076"/>
  <testcase name="run_scenario" classname="selenium_tests.Runner" time="14.047"/>
  <testcase name="run_scenario" classname="selenium_tests.Runner" time="10.975"/>
  <testcase name="run_scenario" classname="selenium_tests.Runner" time="5.15"/>
  <testcase name="run_scenario" classname="selenium_tests.Runner" time="3.32"/>
  <testcase name="run_scenario" classname="selenium_tests.Runner" time="8.59"/>
  <testcase name="run_scenario" classname="selenium_tests.Runner" time="8.155"/>
  <testcase name="run_scenario" classname="selenium_tests.Runner" time="8.301"/>
  <testcase name="run_scenario" classname="selenium_tests.Runner" time="8.438"/>
  <testcase name="run_scenario" classname="selenium_tests.Runner" time="0">
    <skipped message="Element is obscured (WARNING: The server did not provide any stacktrace information)&#10;Command duration or timeout: 0 milliseconds&#10;Build info: version: &apos;3.12.0&apos;, revision: &apos;7c6e0b3&apos;, time: &apos;2018-05-08T14:04:26.12Z&apos;&#10;System info: host: &apos;DESKTOP-KQS99BN&apos;, ip: &apos;192.168.0.17&apos;, os.name: &apos;Windows 10&apos;, os.arch: &apos;amd64&apos;, os.version: &apos;10.0&apos;, java.version: &apos;1.8.0_161&apos;&#10;Driver info: org.openqa.selenium.edge.EdgeDriver&#10;Capabilities {InPrivate: false, acceptSslCerts: true, applicationCacheEnabled: true, browserName: MicrosoftEdge, browserVersion: 42.17134.1.0, javascriptEnabled: true, locationContextEnabled: true, pageLoadStrategy: normal, platform: WINDOWS, platformName: WINDOWS, platformVersion: 10, takesElementScreenshot: true, takesScreenshot: true, webStorageEnabled: true}&#10;Session ID: 732DE77E-7B2F-4B43-A3EA-A1B4C23794CC"/>
    <system-out><![CDATA[[Warning]
Invalid argument (WARNING: The server did not provide any stacktrace information)
Command duration or timeout: 0 milliseconds
Build info: version: '3.12.0', revision: '7c6e0b3', time: '2018-05-08T14:04:26.12Z'
System info: host: 'DESKTOP-KQS99BN', ip: '192.168.0.17', os.name: 'Windows 10', os.arch: 'amd64', os.version: '10.0', java.version: '1.8.0_161'
Driver info: org.openqa.selenium.edge.EdgeDriver
Capabilities {InPrivate: false, acceptSslCerts: true, applicationCacheEnabled: true, browserName: MicrosoftEdge, browserVersion: 42.17134.1.0, javascriptEnabled: true, locationContextEnabled: true, pageLoadStrategy: normal, platform: WINDOWS, platformName: WINDOWS, platformVersion: 10, takesElementScreenshot: true, takesScreenshot: true, webStorageEnabled: true}
Session ID: 732DE77E-7B2F-4B43-A3EA-A1B4C23794CC

[Continuing test scenerio]
Selenium will fail if normal execution flow is impacted

==============================================
[Test ID]
Customer views basket with x2 products, totalling x4 quantity then removes 1st product

[Failed URL]
http://www.argos.co.uk/search/xbox/

[Page Title]
Results for xbox

[Environment]
windows_edge

[Screenshot ands logs found here]
C:/Users/workpeter/Documents/Eclipse-workspace/cucumber-selenium-framework/target/error-log/test-failures/windows-edge_3db7bdd6-2382-4879-8076-2512e282f52b

[Stack trace]
org.openqa.selenium.WebDriverException: Element is obscured (WARNING: The server did not provide any stacktrace information)
Command duration or timeout: 0 milliseconds
Build info: version: '3.12.0', revision: '7c6e0b3', time: '2018-05-08T14:04:26.12Z'
System info: host: 'DESKTOP-KQS99BN', ip: '192.168.0.17', os.name: 'Windows 10', os.arch: 'amd64', os.version: '10.0', java.version: '1.8.0_161'
Driver info: org.openqa.selenium.edge.EdgeDriver
Capabilities {InPrivate: false, acceptSslCerts: true, applicationCacheEnabled: true, browserName: MicrosoftEdge, browserVersion: 42.17134.1.0, javascriptEnabled: true, locationContextEnabled: true, pageLoadStrategy: normal, platform: WINDOWS, platformName: WINDOWS, platformVersion: 10, takesElementScreenshot: true, takesScreenshot: true, webStorageEnabled: true}
Session ID: 732DE77E-7B2F-4B43-A3EA-A1B4C23794CC
	at sun.reflect.NativeConstructorAccessorImpl.newInstance0(Native Method)
	at sun.reflect.NativeConstructorAccessorImpl.newInstance(NativeConstructorAccessorImpl.java:62)
	at sun.reflect.DelegatingConstructorAccessorImpl.newInstance(DelegatingConstructorAccessorImpl.java:45)
	at java.lang.reflect.Constructor.newInstance(Constructor.java:423)
	at org.openqa.selenium.remote.ErrorHandler.createThrowable(ErrorHandler.java:214)
	at org.openqa.selenium.remote.ErrorHandler.throwIfResponseFailed(ErrorHandler.java:166)
	at org.openqa.selenium.remote.http.JsonHttpResponseCodec.reconstructValue(JsonHttpResponseCodec.java:40)
	at org.openqa.selenium.remote.http.AbstractHttpResponseCodec.decode(AbstractHttpResponseCodec.java:80)
	at org.openqa.selenium.remote.http.AbstractHttpResponseCodec.decode(AbstractHttpResponseCodec.java:44)
	at org.openqa.selenium.remote.HttpCommandExecutor.execute(HttpCommandExecutor.java:158)
	at org.openqa.selenium.remote.service.DriverCommandExecutor.execute(DriverCommandExecutor.java:83)
	at org.openqa.selenium.remote.RemoteWebDriver.execute(RemoteWebDriver.java:543)
	at org.openqa.selenium.remote.RemoteWebElement.execute(RemoteWebElement.java:276)
	at org.openqa.selenium.remote.RemoteWebElement.click(RemoteWebElement.java:83)
	at selenium_tests.Webdriver_builder$Enhanced_selenium_methods.click(Webdriver_builder.java:421)
	at selenium_tests.Webdriver_builder$Enhanced_selenium_methods.click(Webdriver_builder.java:413)
	at selenium_tests.feature_steps.Steps_basket_feature.adds_first_product_to_basket_x_quantity(Steps_basket_feature.java:64)
	at ?.adds first product to basket x2 quantity(src/test/resources/Features/TestSuite_basket.feature:64)


]]></system-out>
  </testcase>
  <testcase name="run_scenario" classname="selenium_tests.Runner" time="14.505"/>
  <testcase name="run_scenario" classname="selenium_tests.Runner" time="9.393"/>
  <testcase name="run_scenario" classname="selenium_tests.Runner" time="0">
    <skipped message="cucumber.api.PendingException: TODO: implement me&#10;	at selenium_tests.feature_steps.Steps_basket_feature.adds_product_to_basket(Steps_basket_feature.java:41)&#10;	at ✽.adds product to basket(src/test/resources/Features/TestSuite_basket.feature:14)&#10;"/>
    <system-out><![CDATA[[Skipping next scenerio step/s] This item is not available online to add to basket
]]></system-out>
  </testcase>
  <testcase name="run_scenario" classname="selenium_tests.Runner" time="7.081">
    <failure message="For input string: &quot;&quot;" type="java.lang.NumberFormatException">java.lang.NumberFormatException: For input string: ""
</failure>
    <system-out><![CDATA[[Warning]
Expected condition failed: waiting for visibility of element located by By.xpath: //select[starts-with(@id,'quantity')] (tried for 15 second(s) with 500 milliseconds interval)
Build info: version: '3.12.0', revision: '7c6e0b3', time: '2018-05-08T14:04:26.12Z'
System info: host: 'DESKTOP-KQS99BN', ip: '192.168.0.17', os.name: 'Windows 10', os.arch: 'amd64', os.version: '10.0', java.version: '1.8.0_161'
Driver info: org.openqa.selenium.chrome.ChromeDriver
Capabilities {acceptInsecureCerts: true, acceptSslCerts: true, applicationCacheEnabled: false, browserConnectionEnabled: false, browserName: chrome, chrome: {chromedriverVersion: 70.0.3538.16 (16ed95b41bb05..., userDataDir: C:\Users\WORKPE~1\AppData\L...}, cssSelectorsEnabled: true, databaseEnabled: false, goog:chromeOptions: {debuggerAddress: localhost:56820}, handlesAlerts: true, hasTouchScreen: false, javascriptEnabled: true, locationContextEnabled: true, mobileEmulationEnabled: false, nativeEvents: true, networkConnectionEnabled: false, pageLoadStrategy: normal, platform: XP, platformName: XP, rotatable: false, setWindowRect: true, takesHeapSnapshot: true, takesScreenshot: true, unexpectedAlertBehaviour: accept, unhandledPromptBehavior: accept, version: 69.0.3497.100, webStorageEnabled: true}
Session ID: 6b490ebe86d2cd79758b213132402aae

[Continuing test scenerio]
Selenium will fail if normal execution flow is impacted

==============================================
[Test ID]
Customer views basket with x2 products, totalling x4 quantity then removes 1st product

[Failed URL]
https://www.argos.co.uk/basket?rt=async&storeId=10151&GiftMode=Reset&action=OrderItemDisplay%3FstoreId%3D10151&langId=110

[Page Title]
Trolley

[Environment]
windows_chrome

[Screenshot ands logs found here]
C:/Users/workpeter/Documents/Eclipse-workspace/cucumber-selenium-framework/target/error-log/test-failures/windows-chrome_52747e7c-a1e0-4d2c-a331-73c4dc76faa4

[Stack trace]
java.lang.NumberFormatException: For input string: ""
	at java.lang.NumberFormatException.forInputString(NumberFormatException.java:65)
	at java.lang.Integer.parseInt(Integer.java:592)
	at java.lang.Integer.valueOf(Integer.java:766)
	at selenium_tests.feature_steps.Steps_basket_feature.basket_with_products_and_quantity_is_shown(Steps_basket_feature.java:163)
	at ?.basket with 1 products and 2 quantity is shown(src/test/resources/Features/TestSuite_basket.feature:69)


]]></system-out>
  </testcase>
  <testcase name="run_scenario" classname="selenium_tests.Runner" time="6.65"/>
  <testcase name="run_scenario" classname="selenium_tests.Runner" time="16.08"/>
  <testcase name="run_scenario" classname="selenium_tests.Runner" time="0">
    <skipped message="Element is obscured (WARNING: The server did not provide any stacktrace information)&#10;Command duration or timeout: 0 milliseconds&#10;Build info: version: &apos;3.12.0&apos;, revision: &apos;7c6e0b3&apos;, time: &apos;2018-05-08T14:04:26.12Z&apos;&#10;System info: host: &apos;DESKTOP-KQS99BN&apos;, ip: &apos;192.168.0.17&apos;, os.name: &apos;Windows 10&apos;, os.arch: &apos;amd64&apos;, os.version: &apos;10.0&apos;, java.version: &apos;1.8.0_161&apos;&#10;Driver info: org.openqa.selenium.edge.EdgeDriver&#10;Capabilities {InPrivate: false, acceptSslCerts: true, applicationCacheEnabled: true, browserName: MicrosoftEdge, browserVersion: 42.17134.1.0, javascriptEnabled: true, locationContextEnabled: true, pageLoadStrategy: normal, platform: WINDOWS, platformName: WINDOWS, platformVersion: 10, takesElementScreenshot: true, takesScreenshot: true, webStorageEnabled: true}&#10;Session ID: 732DE77E-7B2F-4B43-A3EA-A1B4C23794CC"/>
    <system-out><![CDATA[==============================================
[Test ID]
Customer views basket with x2 products, totalling x4 quantity then removes 1st product

[Failed URL]
http://www.argos.co.uk/product/tuc133895160

[Page Title]
Buy Black Skinny Jeans - 12 | Jeans | Argos

[Environment]
windows_edge

[Screenshot ands logs found here]
C:/Users/workpeter/Documents/Eclipse-workspace/cucumber-selenium-framework/target/error-log/test-failures/windows-edge_afaf1fba-6bf8-4578-922c-183787725e38

[Stack trace]
org.openqa.selenium.WebDriverException: Element is obscured (WARNING: The server did not provide any stacktrace information)
Command duration or timeout: 0 milliseconds
Build info: version: '3.12.0', revision: '7c6e0b3', time: '2018-05-08T14:04:26.12Z'
System info: host: 'DESKTOP-KQS99BN', ip: '192.168.0.17', os.name: 'Windows 10', os.arch: 'amd64', os.version: '10.0', java.version: '1.8.0_161'
Driver info: org.openqa.selenium.edge.EdgeDriver
Capabilities {InPrivate: false, acceptSslCerts: true, applicationCacheEnabled: true, browserName: MicrosoftEdge, browserVersion: 42.17134.1.0, javascriptEnabled: true, locationContextEnabled: true, pageLoadStrategy: normal, platform: WINDOWS, platformName: WINDOWS, platformVersion: 10, takesElementScreenshot: true, takesScreenshot: true, webStorageEnabled: true}
Session ID: 732DE77E-7B2F-4B43-A3EA-A1B4C23794CC
	at sun.reflect.NativeConstructorAccessorImpl.newInstance0(Native Method)
	at sun.reflect.NativeConstructorAccessorImpl.newInstance(NativeConstructorAccessorImpl.java:62)
	at sun.reflect.DelegatingConstructorAccessorImpl.newInstance(DelegatingConstructorAccessorImpl.java:45)
	at java.lang.reflect.Constructor.newInstance(Constructor.java:423)
	at org.openqa.selenium.remote.ErrorHandler.createThrowable(ErrorHandler.java:214)
	at org.openqa.selenium.remote.ErrorHandler.throwIfResponseFailed(ErrorHandler.java:166)
	at org.openqa.selenium.remote.http.JsonHttpResponseCodec.reconstructValue(JsonHttpResponseCodec.java:40)
	at org.openqa.selenium.remote.http.AbstractHttpResponseCodec.decode(AbstractHttpResponseCodec.java:80)
	at org.openqa.selenium.remote.http.AbstractHttpResponseCodec.decode(AbstractHttpResponseCodec.java:44)
	at org.openqa.selenium.remote.HttpCommandExecutor.execute(HttpCommandExecutor.java:158)
	at org.openqa.selenium.remote.service.DriverCommandExecutor.execute(DriverCommandExecutor.java:83)
	at org.openqa.selenium.remote.RemoteWebDriver.execute(RemoteWebDriver.java:543)
	at org.openqa.selenium.remote.RemoteWebElement.execute(RemoteWebElement.java:276)
	at org.openqa.selenium.remote.RemoteWebElement.click(RemoteWebElement.java:83)
	at selenium_tests.Webdriver_builder$Enhanced_selenium_methods.click(Webdriver_builder.java:421)
	at selenium_tests.feature_steps.Steps_basket_feature.adds_product_to_basket(Steps_basket_feature.java:37)
	at selenium_tests.feature_steps.Steps_basket_feature.adds_second_product_to_basket_x_quantity(Steps_basket_feature.java:94)
	at ?.adds second product to basket x2 quantity(src/test/resources/Features/TestSuite_basket.feature:65)


]]></system-out>
  </testcase>
  <testcase name="run_scenario" classname="selenium_tests.Runner" time="7.373">
    <failure message="For input string: &quot;&quot;" type="java.lang.NumberFormatException">java.lang.NumberFormatException: For input string: ""
</failure>
    <system-out><![CDATA[[Warning]
Expected condition failed: waiting for visibility of element located by By.xpath: //select[starts-with(@id,'quantity')] (tried for 15 second(s) with 500 milliseconds interval)
Build info: version: '3.12.0', revision: '7c6e0b3', time: '2018-05-08T14:04:26.12Z'
System info: host: 'DESKTOP-KQS99BN', ip: '192.168.0.17', os.name: 'Windows 10', os.arch: 'amd64', os.version: '10.0', java.version: '1.8.0_161'
Driver info: org.openqa.selenium.chrome.ChromeDriver
Capabilities {acceptInsecureCerts: true, acceptSslCerts: true, applicationCacheEnabled: false, browserConnectionEnabled: false, browserName: chrome, chrome: {chromedriverVersion: 70.0.3538.16 (16ed95b41bb05..., userDataDir: C:\Users\WORKPE~1\AppData\L...}, cssSelectorsEnabled: true, databaseEnabled: false, goog:chromeOptions: {debuggerAddress: localhost:56820}, handlesAlerts: true, hasTouchScreen: false, javascriptEnabled: true, locationContextEnabled: true, mobileEmulationEnabled: false, nativeEvents: true, networkConnectionEnabled: false, pageLoadStrategy: normal, platform: XP, platformName: XP, rotatable: false, setWindowRect: true, takesHeapSnapshot: true, takesScreenshot: true, unexpectedAlertBehaviour: accept, unhandledPromptBehavior: accept, version: 69.0.3497.100, webStorageEnabled: true}
Session ID: 6b490ebe86d2cd79758b213132402aae

[Continuing test scenerio]
Selenium will fail if normal execution flow is impacted

==============================================
[Test ID]
Customer views basket with x2 products, totalling x4 quantity then removes 1st product

[Failed URL]
https://www.argos.co.uk/basket?rt=async&storeId=10151&GiftMode=Reset&action=OrderItemDisplay%3FstoreId%3D10151&langId=110

[Page Title]
Trolley

[Environment]
windows_chrome

[Screenshot ands logs found here]
C:/Users/workpeter/Documents/Eclipse-workspace/cucumber-selenium-framework/target/error-log/test-failures/windows-chrome_299ed929-c1e4-4fe8-a7d9-020a0a6e86a2

[Stack trace]
java.lang.NumberFormatException: For input string: ""
	at java.lang.NumberFormatException.forInputString(NumberFormatException.java:65)
	at java.lang.Integer.parseInt(Integer.java:592)
	at java.lang.Integer.valueOf(Integer.java:766)
	at selenium_tests.feature_steps.Steps_basket_feature.basket_with_products_and_quantity_is_shown(Steps_basket_feature.java:163)
	at ?.basket with 1 products and 2 quantity is shown(src/test/resources/Features/TestSuite_basket.feature:69)


]]></system-out>
  </testcase>
  <testcase name="run_scenario" classname="selenium_tests.Runner" time="7.649"/>
  <testcase name="run_scenario" classname="selenium_tests.Runner" time="1.665"/>
  <testcase name="run_scenario" classname="selenium_tests.Runner" time="7.972"/>
  <testcase name="run_scenario" classname="selenium_tests.Runner" time="8.468"/>
  <testcase name="run_scenario" classname="selenium_tests.Runner" time="8.369"/>
  <testcase name="run_scenario" classname="selenium_tests.Runner" time="9.38"/>
  <testcase name="run_scenario" classname="selenium_tests.Runner" time="9.92"/>
  <testcase name="run_scenario" classname="selenium_tests.Runner" time="8.009"/>
  <testcase name="run_scenario" classname="selenium_tests.Runner" time="1.141"/>
  <testcase name="run_scenario" classname="selenium_tests.Runner" time="6.125"/>
  <testcase name="run_scenario" classname="selenium_tests.Runner" time="9.139"/>
  <testcase name="run_scenario" classname="selenium_tests.Runner" time="3.048">
    <failure message="For input string: &quot;&quot;" type="java.lang.NumberFormatException">java.lang.NumberFormatException: For input string: ""
</failure>
    <system-out><![CDATA[[Warning]
Expected condition failed: waiting for visibility of element located by By.xpath: //select[starts-with(@id,'quantity')] (tried for 15 second(s) with 500 milliseconds interval)
Build info: version: '3.12.0', revision: '7c6e0b3', time: '2018-05-08T14:04:26.12Z'
System info: host: 'DESKTOP-KQS99BN', ip: '192.168.0.17', os.name: 'Windows 10', os.arch: 'amd64', os.version: '10.0', java.version: '1.8.0_161'
Driver info: org.openqa.selenium.chrome.ChromeDriver
Capabilities {acceptInsecureCerts: true, acceptSslCerts: true, applicationCacheEnabled: false, browserConnectionEnabled: false, browserName: chrome, chrome: {chromedriverVersion: 70.0.3538.16 (16ed95b41bb05..., userDataDir: C:\Users\WORKPE~1\AppData\L...}, cssSelectorsEnabled: true, databaseEnabled: false, goog:chromeOptions: {debuggerAddress: localhost:56820}, handlesAlerts: true, hasTouchScreen: false, javascriptEnabled: true, locationContextEnabled: true, mobileEmulationEnabled: false, nativeEvents: true, networkConnectionEnabled: false, pageLoadStrategy: normal, platform: XP, platformName: XP, rotatable: false, setWindowRect: true, takesHeapSnapshot: true, takesScreenshot: true, unexpectedAlertBehaviour: accept, unhandledPromptBehavior: accept, version: 69.0.3497.100, webStorageEnabled: true}
Session ID: 6b490ebe86d2cd79758b213132402aae

[Continuing test scenerio]
Selenium will fail if normal execution flow is impacted

==============================================
[Test ID]
Customer views basket with x2 products, totalling x4 quantity then removes 1st product

[Failed URL]
https://www.argos.co.uk/basket?rt=async&storeId=10151&GiftMode=Reset&action=OrderItemDisplay%3FstoreId%3D10151&langId=110

[Page Title]
Trolley

[Environment]
windows_chrome

[Screenshot ands logs found here]
C:/Users/workpeter/Documents/Eclipse-workspace/cucumber-selenium-framework/target/error-log/test-failures/windows-chrome_50f0c31d-cf41-47bf-9292-ceb2a49a6a37

[Stack trace]
java.lang.NumberFormatException: For input string: ""
	at java.lang.NumberFormatException.forInputString(NumberFormatException.java:65)
	at java.lang.Integer.parseInt(Integer.java:592)
	at java.lang.Integer.valueOf(Integer.java:766)
	at selenium_tests.feature_steps.Steps_basket_feature.basket_with_products_and_quantity_is_shown(Steps_basket_feature.java:163)
	at ?.basket with 1 products and 2 quantity is shown(src/test/resources/Features/TestSuite_basket.feature:69)


]]></system-out>
  </testcase>
  <testcase name="run_scenario" classname="selenium_tests.Runner" time="8.02"/>
  <testcase name="run_scenario" classname="selenium_tests.Runner" time="0.239"/>
  <testcase name="run_scenario" classname="selenium_tests.Runner" time="1.092"/>
  <testcase name="run_scenario" classname="selenium_tests.Runner" time="7.677"/>
  <testcase name="run_scenario" classname="selenium_tests.Runner" time="8.699"/>
  <testcase name="run_scenario" classname="selenium_tests.Runner" time="9.257"/>
  <testcase name="run_scenario" classname="selenium_tests.Runner" time="9.568"/>
  <testcase name="run_scenario" classname="selenium_tests.Runner" time="6.032"/>
  <testcase name="run_scenario" classname="selenium_tests.Runner" time="2.76"/>
  <testcase name="run_scenario" classname="selenium_tests.Runner" time="0.191"/>
  <testcase name="run_scenario" classname="selenium_tests.Runner" time="4.248"/>
  <testcase name="run_scenario" classname="selenium_tests.Runner" time="7.354"/>
  <testcase name="run_scenario" classname="selenium_tests.Runner" time="0.356"/>
  <testcase name="run_scenario" classname="selenium_tests.Runner" time="6.43"/>
  <testcase name="run_scenario" classname="selenium_tests.Runner" time="2.315"/>
  <testcase name="run_scenario" classname="selenium_tests.Runner" time="3.733"/>
  <testcase name="run_scenario" classname="selenium_tests.Runner" time="5.909"/>
  <testcase name="run_scenario" classname="selenium_tests.Runner" time="2.588"/>
  <testcase name="run_scenario" classname="selenium_tests.Runner" time="4.67"/>
  <testcase name="run_scenario" classname="selenium_tests.Runner" time="8.068"/>
  <testcase name="run_scenario" classname="selenium_tests.Runner" time="3.898"/>
  <testcase name="run_scenario" classname="selenium_tests.Runner" time="7.69"/>
  <testcase name="run_scenario" classname="selenium_tests.Runner" time="4.066"/>
  <testcase name="run_scenario" classname="selenium_tests.Runner" time="7.136"/>
  <testcase name="run_scenario" classname="selenium_tests.Runner" time="4.602"/>
  <testcase name="run_scenario" classname="selenium_tests.Runner" time="6.192"/>
  <testcase name="run_scenario" classname="selenium_tests.Runner" time="3.992"/>
  <testcase name="run_scenario" classname="selenium_tests.Runner" time="5.361"/>
  <testcase name="run_scenario" classname="selenium_tests.Runner" time="2.805">
    <failure message="For input string: &quot;&quot;" type="java.lang.NumberFormatException">java.lang.NumberFormatException: For input string: ""
</failure>
    <system-out><![CDATA[[Warning]
Expected condition failed: waiting for visibility of element located by By.xpath: //select[starts-with(@id,'quantity')] (tried for 15 second(s) with 500 milliseconds interval)
Build info: version: '3.12.0', revision: '7c6e0b3', time: '2018-05-08T14:04:26.12Z'
System info: host: 'DESKTOP-KQS99BN', ip: '192.168.0.17', os.name: 'Windows 10', os.arch: 'amd64', os.version: '10.0', java.version: '1.8.0_161'
Driver info: org.openqa.selenium.firefox.FirefoxDriver
Capabilities {acceptInsecureCerts: true, browserName: firefox, browserVersion: 62.0.2, javascriptEnabled: true, moz:accessibilityChecks: false, moz:geckodriverVersion: 0.23.0, moz:headless: false, moz:processID: 20100, moz:profile: C:\Users\workpeter\AppData\..., moz:useNonSpecCompliantPointerOrigin: false, moz:webdriverClick: true, pageLoadStrategy: normal, platform: XP, platformName: XP, platformVersion: 10.0, rotatable: false, timeouts: {implicit: 0, pageLoad: 300000, script: 30000}}
Session ID: 357ba39b-f67a-4554-ae90-7451395f9097

[Continuing test scenerio]
Selenium will fail if normal execution flow is impacted

==============================================
[Test ID]
Customer views basket with x2 products, totalling x4 quantity then removes 1st product

[Failed URL]
https://www.argos.co.uk/basket?rt=async&storeId=10151&GiftMode=Reset&action=OrderItemDisplay%3FstoreId%3D10151&langId=110

[Page Title]
Trolley

[Environment]
windows_firefox

[Screenshot ands logs found here]
C:/Users/workpeter/Documents/Eclipse-workspace/cucumber-selenium-framework/target/error-log/test-failures/windows-firefox_64b0c302-a7e1-47bb-ba90-f6c261ae29f8

[Stack trace]
java.lang.NumberFormatException: For input string: ""
	at java.lang.NumberFormatException.forInputString(NumberFormatException.java:65)
	at java.lang.Integer.parseInt(Integer.java:592)
	at java.lang.Integer.valueOf(Integer.java:766)
	at selenium_tests.feature_steps.Steps_basket_feature.basket_with_products_and_quantity_is_shown(Steps_basket_feature.java:163)
	at ?.basket with 1 products and 2 quantity is shown(src/test/resources/Features/TestSuite_basket.feature:69)


]]></system-out>
  </testcase>
  <testcase name="run_scenario" classname="selenium_tests.Runner" time="4.511"/>
  <testcase name="run_scenario" classname="selenium_tests.Runner" time="3.613"/>
  <testcase name="run_scenario" classname="selenium_tests.Runner" time="10.807"/>
  <testcase name="run_scenario" classname="selenium_tests.Runner" time="13.012"/>
  <testcase name="run_scenario" classname="selenium_tests.Runner" time="8.929"/>
  <testcase name="run_scenario" classname="selenium_tests.Runner" time="2.68"/>
  <testcase name="run_scenario" classname="selenium_tests.Runner" time="7.423"/>
  <testcase name="run_scenario" classname="selenium_tests.Runner" time="3.884"/>
  <testcase name="run_scenario" classname="selenium_tests.Runner" time="7.362"/>
  <testcase name="run_scenario" classname="selenium_tests.Runner" time="5.543"/>
  <testcase name="run_scenario" classname="selenium_tests.Runner" time="4.331"/>
  <testcase name="run_scenario" classname="selenium_tests.Runner" time="8.675"/>
  <testcase name="run_scenario" classname="selenium_tests.Runner" time="7.032"/>
  <testcase name="run_scenario" classname="selenium_tests.Runner" time="9.088"/>
  <testcase name="run_scenario" classname="selenium_tests.Runner" time="0">
    <skipped message="Expected condition failed: waiting for presence of element located by: By.xpath: //a[@href=&quot;/browse/baby-and-nursery/safety-and-health/c:29003/&quot;] (tried for 15 second(s) with 500 milliseconds interval)"/>
    <system-out><![CDATA[==============================================
[Test ID]
customer navigates to subcategory via category menu hover feature then goes to niche-category

[Failed URL]
http://www.argos.co.uk/

[Page Title]
Argos | Same Day Delivery or Faster In-Store Collection

[Environment]
windows_chrome

[Screenshot ands logs found here]
C:/Users/workpeter/Documents/Eclipse-workspace/cucumber-selenium-framework/target/error-log/test-failures/windows-chrome_c6d249fc-a969-4020-834b-636deb549dfb

[Stack trace]
org.openqa.selenium.TimeoutException: Expected condition failed: waiting for presence of element located by: By.xpath: //a[@href="/browse/baby-and-nursery/safety-and-health/c:29003/"] (tried for 15 second(s) with 500 milliseconds interval)
	at org.openqa.selenium.support.ui.WebDriverWait.timeoutException(WebDriverWait.java:81)
	at org.openqa.selenium.support.ui.FluentWait.until(FluentWait.java:271)
	at selenium_tests.Webdriver_builder$Enhanced_selenium_methods.wait_until_exists(Webdriver_builder.java:533)
	at selenium_tests.Webdriver_builder$Enhanced_selenium_methods.move_to_element(Webdriver_builder.java:749)
	at selenium_tests.Webdriver_builder$Enhanced_selenium_methods.click(Webdriver_builder.java:419)
	at selenium_tests.Webdriver_builder$Enhanced_selenium_methods.click(Webdriver_builder.java:413)
	at selenium_tests.feature_steps.Steps_categorySearch_feature.clicks_on_a_sub_category(Steps_categorySearch_feature.java:71)
	at ?.clicks on sub-category: safety and health(src/test/resources/Features/TestSuite_categorySearch.feature:26)
Caused by: org.openqa.selenium.NoSuchElementException: Cannot locate an element using By.xpath: //a[@href="/browse/baby-and-nursery/safety-and-health/c:29003/"]
For documentation on this error, please visit: http://seleniumhq.org/exceptions/no_such_element.html
Build info: version: '3.12.0', revision: '7c6e0b3', time: '2018-05-08T14:04:26.12Z'
System info: host: 'DESKTOP-KQS99BN', ip: '192.168.0.17', os.name: 'Windows 10', os.arch: 'amd64', os.version: '10.0', java.version: '1.8.0_161'
Driver info: driver.version: unknown
	at org.openqa.selenium.support.ui.ExpectedConditions.lambda$findElement$0(ExpectedConditions.java:896)
	at java.util.Optional.orElseThrow(Optional.java:290)
	at org.openqa.selenium.support.ui.ExpectedConditions.findElement(ExpectedConditions.java:895)
	at org.openqa.selenium.support.ui.ExpectedConditions.access$000(ExpectedConditions.java:44)
	at org.openqa.selenium.support.ui.ExpectedConditions$6.apply(ExpectedConditions.java:183)
	at org.openqa.selenium.support.ui.ExpectedConditions$6.apply(ExpectedConditions.java:180)
	at org.openqa.selenium.support.ui.FluentWait.until(FluentWait.java:248)
	at selenium_tests.Webdriver_builder$Enhanced_selenium_methods.wait_until_exists(Webdriver_builder.java:533)
	at selenium_tests.Webdriver_builder$Enhanced_selenium_methods.move_to_element(Webdriver_builder.java:749)
	at selenium_tests.Webdriver_builder$Enhanced_selenium_methods.click(Webdriver_builder.java:419)
	at selenium_tests.Webdriver_builder$Enhanced_selenium_methods.click(Webdriver_builder.java:413)
	at selenium_tests.feature_steps.Steps_categorySearch_feature.clicks_on_a_sub_category(Steps_categorySearch_feature.java:71)
	at sun.reflect.GeneratedMethodAccessor29.invoke(Unknown Source)
	at sun.reflect.DelegatingMethodAccessorImpl.invoke(DelegatingMethodAccessorImpl.java:43)
	at java.lang.reflect.Method.invoke(Method.java:498)
	at cucumber.runtime.Utils$1.call(Utils.java:26)
	at cucumber.runtime.Timeout.timeout(Timeout.java:16)
	at cucumber.runtime.Utils.invoke(Utils.java:20)
	at cucumber.runtime.java.JavaStepDefinition.execute(JavaStepDefinition.java:48)
	at cucumber.runtime.PickleStepDefinitionMatch.runStep(PickleStepDefinitionMatch.java:50)
	at cucumber.runner.TestStep.executeStep(TestStep.java:55)
	at cucumber.runner.TestStep.run(TestStep.java:42)
	at cucumber.runner.PickleStepTestStep.run(PickleStepTestStep.java:53)
	at cucumber.runner.TestCase.run(TestCase.java:47)
	at cucumber.runner.Runner.runPickle(Runner.java:44)
	at cucumber.api.testng.TestNGCucumberRunner.runScenario(TestNGCucumberRunner.java:56)
	at selenium_tests.Runner.run_scenario(Runner.java:149)
	at sun.reflect.GeneratedMethodAccessor7.invoke(Unknown Source)
	at sun.reflect.DelegatingMethodAccessorImpl.invoke(DelegatingMethodAccessorImpl.java:43)
	at java.lang.reflect.Method.invoke(Method.java:498)
	at org.testng.internal.MethodInvocationHelper.invokeMethod(MethodInvocationHelper.java:108)
	at org.testng.internal.Invoker.invokeMethod(Invoker.java:661)
	at org.testng.internal.Invoker.invokeTestMethod(Invoker.java:869)
	at org.testng.internal.Invoker.invokeTestMethods(Invoker.java:1193)
	at org.testng.internal.TestMethodWorker.invokeTestMethods(TestMethodWorker.java:126)
	at org.testng.internal.TestMethodWorker.run(TestMethodWorker.java:109)
	at org.testng.TestRunner.privateRun(TestRunner.java:744)
	at org.testng.TestRunner.run(TestRunner.java:602)
	at org.testng.SuiteRunner.runTest(SuiteRunner.java:380)
	at org.testng.SuiteRunner.access$000(SuiteRunner.java:39)
	at org.testng.SuiteRunner$SuiteWorker.run(SuiteRunner.java:414)
	at org.testng.internal.thread.ThreadUtil$1.call(ThreadUtil.java:52)
	at java.util.concurrent.FutureTask.run(FutureTask.java:266)
	at java.util.concurrent.ThreadPoolExecutor.runWorker(ThreadPoolExecutor.java:1149)
	at java.util.concurrent.ThreadPoolExecutor$Worker.run(ThreadPoolExecutor.java:624)
	at java.lang.Thread.run(Thread.java:748)


]]></system-out>
  </testcase>
  <testcase name="run_scenario" classname="selenium_tests.Runner" time="4.185"/>
  <testcase name="run_scenario" classname="selenium_tests.Runner" time="6.521"/>
  <testcase name="run_scenario" classname="selenium_tests.Runner" time="2.92"/>
  <testcase name="run_scenario" classname="selenium_tests.Runner" time="5.256"/>
  <testcase name="run_scenario" classname="selenium_tests.Runner" time="3.365"/>
  <testcase name="run_scenario" classname="selenium_tests.Runner" time="8.347"/>
  <testcase name="run_scenario" classname="selenium_tests.Runner" time="11.931"/>
  <testcase name="run_scenario" classname="selenium_tests.Runner" time="6.36"/>
  <testcase name="run_scenario" classname="selenium_tests.Runner" time="2.012"/>
  <testcase name="run_scenario" classname="selenium_tests.Runner" time="5.542"/>
  <testcase name="run_scenario" classname="selenium_tests.Runner" time="0.839">
    <failure message="For input string: &quot;&quot;" type="java.lang.NumberFormatException">java.lang.NumberFormatException: For input string: ""
</failure>
    <system-out><![CDATA[[Warning]
Expected condition failed: waiting for visibility of element located by By.xpath: //select[starts-with(@id,'quantity')] (tried for 15 second(s) with 500 milliseconds interval)
Build info: version: '3.12.0', revision: '7c6e0b3', time: '2018-05-08T14:04:26.12Z'
System info: host: 'DESKTOP-KQS99BN', ip: '192.168.0.17', os.name: 'Windows 10', os.arch: 'amd64', os.version: '10.0', java.version: '1.8.0_161'
Driver info: org.openqa.selenium.firefox.FirefoxDriver
Capabilities {acceptInsecureCerts: true, browserName: firefox, browserVersion: 62.0.2, javascriptEnabled: true, moz:accessibilityChecks: false, moz:geckodriverVersion: 0.23.0, moz:headless: false, moz:processID: 20100, moz:profile: C:\Users\workpeter\AppData\..., moz:useNonSpecCompliantPointerOrigin: false, moz:webdriverClick: true, pageLoadStrategy: normal, platform: XP, platformName: XP, platformVersion: 10.0, rotatable: false, timeouts: {implicit: 0, pageLoad: 300000, script: 30000}}
Session ID: 357ba39b-f67a-4554-ae90-7451395f9097

[Continuing test scenerio]
Selenium will fail if normal execution flow is impacted

==============================================
[Test ID]
Customer views basket with x2 products, totalling x4 quantity then removes 1st product

[Failed URL]
https://www.argos.co.uk/basket?rt=async&storeId=10151&GiftMode=Reset&action=OrderItemDisplay%3FstoreId%3D10151&langId=110

[Page Title]
Trolley

[Environment]
windows_firefox

[Screenshot ands logs found here]
C:/Users/workpeter/Documents/Eclipse-workspace/cucumber-selenium-framework/target/error-log/test-failures/windows-firefox_71106c5e-f642-499a-9213-649d7ccf51a5

[Stack trace]
java.lang.NumberFormatException: For input string: ""
	at java.lang.NumberFormatException.forInputString(NumberFormatException.java:65)
	at java.lang.Integer.parseInt(Integer.java:592)
	at java.lang.Integer.valueOf(Integer.java:766)
	at selenium_tests.feature_steps.Steps_basket_feature.basket_with_products_and_quantity_is_shown(Steps_basket_feature.java:163)
	at ?.basket with 1 products and 2 quantity is shown(src/test/resources/Features/TestSuite_basket.feature:69)


]]></system-out>
  </testcase>
  <testcase name="run_scenario" classname="selenium_tests.Runner" time="2.65"/>
  <testcase name="run_scenario" classname="selenium_tests.Runner" time="4.917"/>
  <testcase name="run_scenario" classname="selenium_tests.Runner" time="3.917"/>
  <testcase name="run_scenario" classname="selenium_tests.Runner" time="5.35"/>
  <testcase name="run_scenario" classname="selenium_tests.Runner" time="3.78"/>
  <testcase name="run_scenario" classname="selenium_tests.Runner" time="6.327"/>
  <testcase name="run_scenario" classname="selenium_tests.Runner" time="2.381"/>
  <testcase name="run_scenario" classname="selenium_tests.Runner" time="3.175"/>
  <testcase name="run_scenario" classname="selenium_tests.Runner" time="6.731"/>
  <testcase name="run_scenario" classname="selenium_tests.Runner" time="8.466"/>
  <testcase name="run_scenario" classname="selenium_tests.Runner" time="8.043"/>
  <testcase name="run_scenario" classname="selenium_tests.Runner" time="4.045"/>
  <testcase name="run_scenario" classname="selenium_tests.Runner" time="4.405"/>
  <testcase name="run_scenario" classname="selenium_tests.Runner" time="1.863"/>
  <testcase name="run_scenario" classname="selenium_tests.Runner" time="7.872"/>
  <testcase name="run_scenario" classname="selenium_tests.Runner" time="7.875"/>
  <testcase name="run_scenario" classname="selenium_tests.Runner" time="3.785"/>
  <testcase name="run_scenario" classname="selenium_tests.Runner" time="4.268"/>
  <testcase name="run_scenario" classname="selenium_tests.Runner" time="6.188"/>
  <testcase name="run_scenario" classname="selenium_tests.Runner" time="6.757"/>
  <testcase name="run_scenario" classname="selenium_tests.Runner" time="6.302"/>
  <testcase name="run_scenario" classname="selenium_tests.Runner" time="6.827"/>
  <testcase name="run_scenario" classname="selenium_tests.Runner" time="6.562"/>
  <testcase name="run_scenario" classname="selenium_tests.Runner" time="6.555"/>
  <testcase name="run_scenario" classname="selenium_tests.Runner" time="5.744"/>
  <testcase name="run_scenario" classname="selenium_tests.Runner" time="6.283"/>
  <testcase name="run_scenario" classname="selenium_tests.Runner" time="0.151">
    <failure message="For input string: &quot;&quot;" type="java.lang.NumberFormatException">java.lang.NumberFormatException: For input string: ""
</failure>
    <system-out><![CDATA[[Warning]
Expected condition failed: waiting for visibility of element located by By.xpath: //select[starts-with(@id,'quantity')] (tried for 15 second(s) with 500 milliseconds interval)
Build info: version: '3.12.0', revision: '7c6e0b3', time: '2018-05-08T14:04:26.12Z'
System info: host: 'DESKTOP-KQS99BN', ip: '192.168.0.17', os.name: 'Windows 10', os.arch: 'amd64', os.version: '10.0', java.version: '1.8.0_161'
Driver info: org.openqa.selenium.firefox.FirefoxDriver
Capabilities {acceptInsecureCerts: true, browserName: firefox, browserVersion: 62.0.2, javascriptEnabled: true, moz:accessibilityChecks: false, moz:geckodriverVersion: 0.23.0, moz:headless: false, moz:processID: 20100, moz:profile: C:\Users\workpeter\AppData\..., moz:useNonSpecCompliantPointerOrigin: false, moz:webdriverClick: true, pageLoadStrategy: normal, platform: XP, platformName: XP, platformVersion: 10.0, rotatable: false, timeouts: {implicit: 0, pageLoad: 300000, script: 30000}}
Session ID: 357ba39b-f67a-4554-ae90-7451395f9097

[Continuing test scenerio]
Selenium will fail if normal execution flow is impacted

==============================================
[Test ID]
Customer views basket with x2 products, totalling x4 quantity then removes 1st product

[Failed URL]
https://www.argos.co.uk/basket?rt=async&storeId=10151&GiftMode=Reset&action=OrderItemDisplay%3FstoreId%3D10151&langId=110

[Page Title]
Trolley

[Environment]
windows_firefox

[Screenshot ands logs found here]
C:/Users/workpeter/Documents/Eclipse-workspace/cucumber-selenium-framework/target/error-log/test-failures/windows-firefox_ea9c2af5-de32-40c6-b7fc-c6245531d8b7

[Stack trace]
java.lang.NumberFormatException: For input string: ""
	at java.lang.NumberFormatException.forInputString(NumberFormatException.java:65)
	at java.lang.Integer.parseInt(Integer.java:592)
	at java.lang.Integer.valueOf(Integer.java:766)
	at selenium_tests.feature_steps.Steps_basket_feature.basket_with_products_and_quantity_is_shown(Steps_basket_feature.java:163)
	at ?.basket with 1 products and 2 quantity is shown(src/test/resources/Features/TestSuite_basket.feature:69)


]]></system-out>
  </testcase>
  <testcase name="run_scenario" classname="selenium_tests.Runner" time="7.626"/>
  <testcase name="run_scenario" classname="selenium_tests.Runner" time="1.872"/>
  <testcase name="run_scenario" classname="selenium_tests.Runner" time="3.103"/>
  <testcase name="run_scenario" classname="selenium_tests.Runner" time="6.079"/>
  <testcase name="run_scenario" classname="selenium_tests.Runner" time="9.287"/>
  <testcase name="run_scenario" classname="selenium_tests.Runner" time="9.31"/>
  <testcase name="run_scenario" classname="selenium_tests.Runner" time="13.197"/>
  <testcase name="run_scenario" classname="selenium_tests.Runner" time="13.458"/>
  <testcase name="run_scenario" classname="selenium_tests.Runner" time="4.88"/>
  <testcase name="run_scenario" classname="selenium_tests.Runner" time="3.564"/>
  <testcase name="run_scenario" classname="selenium_tests.Runner" time="8.188"/>
  <testcase name="run_scenario" classname="selenium_tests.Runner" time="10.073"/>
  <testcase name="run_scenario" classname="selenium_tests.Runner" time="11.488"/>
  <testcase name="run_scenario" classname="selenium_tests.Runner" time="16.079"/>
  <testcase name="run_scenario" classname="selenium_tests.Runner" time="15.901"/>
  <testcase name="run_scenario" classname="selenium_tests.Runner" time="5.757"/>
  <testcase name="run_scenario" classname="selenium_tests.Runner" time="2.373"/>
  <testcase name="run_scenario" classname="selenium_tests.Runner" time="2.77"/>
  <testcase name="run_scenario" classname="selenium_tests.Runner" time="2.554"/>
  <testcase name="run_scenario" classname="selenium_tests.Runner" time="30.566"/>
  <testcase name="run_scenario" classname="selenium_tests.Runner" time="12.517"/>
  <testcase name="run_scenario" classname="selenium_tests.Runner" time="17.66"/>
  <testcase name="run_scenario" classname="selenium_tests.Runner" time="13.341"/>
  <testcase name="run_scenario" classname="selenium_tests.Runner" time="14.761"/>
  <testcase name="run_scenario" classname="selenium_tests.Runner" time="21.421"/>
  <testcase name="run_scenario" classname="selenium_tests.Runner" time="13.177"/>
  <testcase name="run_scenario" classname="selenium_tests.Runner" time="22.462"/>
  <testcase name="run_scenario" classname="selenium_tests.Runner" time="36.545"/>
  <testcase name="run_scenario" classname="selenium_tests.Runner" time="14.711"/>
  <testcase name="run_scenario" classname="selenium_tests.Runner" time="13.534"/>
  <testcase name="run_scenario" classname="selenium_tests.Runner" time="16.702"/>
  <testcase name="run_scenario" classname="selenium_tests.Runner" time="10.498"/>
  <testcase name="run_scenario" classname="selenium_tests.Runner" time="11.808"/>
  <testcase name="run_scenario" classname="selenium_tests.Runner" time="16.45"/>
  <testcase name="run_scenario" classname="selenium_tests.Runner" time="35.977"/>
  <testcase name="run_scenario" classname="selenium_tests.Runner" time="10.848"/>
  <testcase name="run_scenario" classname="selenium_tests.Runner" time="12.277"/>
  <testcase name="run_scenario" classname="selenium_tests.Runner" time="17.318"/>
  <testcase name="run_scenario" classname="selenium_tests.Runner" time="39.395"/>
  <testcase name="run_scenario" classname="selenium_tests.Runner" time="11.227"/>
  <testcase name="run_scenario" classname="selenium_tests.Runner" time="10.92"/>
  <testcase name="run_scenario" classname="selenium_tests.Runner" time="36.974"/>
  <testcase name="run_scenario" classname="selenium_tests.Runner" time="27.557"/>
  <testcase name="run_scenario" classname="selenium_tests.Runner" time="12.228"/>
  <testcase name="run_scenario" classname="selenium_tests.Runner" time="11.328"/>
  <testcase name="run_scenario" classname="selenium_tests.Runner" time="28.934"/>
  <testcase name="run_scenario" classname="selenium_tests.Runner" time="26.885"/>
  <testcase name="run_scenario" classname="selenium_tests.Runner" time="23.186"/>
  <testcase name="run_scenario" classname="selenium_tests.Runner" time="8.851"/>
  <testcase name="run_scenario" classname="selenium_tests.Runner" time="7.675"/>
  <testcase name="run_scenario" classname="selenium_tests.Runner" time="7.569"/>
  <testcase name="run_scenario" classname="selenium_tests.Runner" time="13.738"/>
  <testcase name="run_scenario" classname="selenium_tests.Runner" time="7.497"/>
  <testcase name="run_scenario" classname="selenium_tests.Runner" time="7.442"/>
  <testcase name="run_scenario" classname="selenium_tests.Runner" time="11.065"/>
  <testcase name="run_scenario" classname="selenium_tests.Runner" time="4.82"/>
</testsuite>